[0.127s] Invoking command in '/home/yirehban/ros2_ws/build/auv_msgs': CMAKE_PREFIX_PATH=${CMAKE_PREFIX_PATH}:/home/yirehban/ros2_ws/install/vision:/home/yirehban/ros2_ws/install/mavlink_thruster_control:/home/yirehban/ros2_ws/install/launch_testing_examples:/home/yirehban/ros2_ws/install/examples_rclpy_pointcloud_publisher:/home/yirehban/ros2_ws/install/examples_rclpy_minimal_subscriber:/home/yirehban/ros2_ws/install/examples_rclpy_minimal_service:/home/yirehban/ros2_ws/install/examples_rclpy_minimal_publisher:/home/yirehban/ros2_ws/install/examples_rclpy_minimal_client:/home/yirehban/ros2_ws/install/examples_rclpy_minimal_action_server:/home/yirehban/ros2_ws/install/examples_rclpy_minimal_action_client:/home/yirehban/ros2_ws/install/examples_rclpy_guard_conditions:/home/yirehban/ros2_ws/install/examples_rclpy_executors:/opt/ros/humble /usr/bin/cmake /home/yirehban/ros2_ws/src/auv_msgs -DCMAKE_INSTALL_PREFIX=/home/yirehban/ros2_ws/install/auv_msgs
[0.362s] -- Found ament_cmake: 1.3.12 (/opt/ros/humble/share/ament_cmake/cmake)
[0.763s] -- Override CMake install command with custom implementation using symlinks instead of copying resources
[0.813s] -- Found std_msgs: 4.9.0 (/opt/ros/humble/share/std_msgs/cmake)
[0.927s] -- Found rosidl_generator_c: 3.1.7 (/opt/ros/humble/share/rosidl_generator_c/cmake)
[0.936s] -- Found rosidl_adapter: 3.1.7 (/opt/ros/humble/share/rosidl_adapter/cmake)
[0.954s] -- Found rosidl_generator_cpp: 3.1.7 (/opt/ros/humble/share/rosidl_generator_cpp/cmake)
[0.983s] -- Using all available rosidl_typesupport_c: rosidl_typesupport_fastrtps_c;rosidl_typesupport_introspection_c
[1.018s] -- Using all available rosidl_typesupport_cpp: rosidl_typesupport_fastrtps_cpp;rosidl_typesupport_introspection_cpp
[1.086s] -- Found geometry_msgs: 4.9.0 (/opt/ros/humble/share/geometry_msgs/cmake)
[1.165s] -- Found ament_lint_auto: 0.12.14 (/opt/ros/humble/share/ament_lint_auto/cmake)
[1.446s] -- Added test 'lint_cmake' to check CMake code style
[1.454s] -- Added test 'xmllint' to check XML markup files
[1.469s] -- Configuring done
[1.501s] -- Generating done
[1.505s] -- Build files have been written to: /home/yirehban/ros2_ws/build/auv_msgs
[1.525s] Invoked command in '/home/yirehban/ros2_ws/build/auv_msgs' returned '0': CMAKE_PREFIX_PATH=${CMAKE_PREFIX_PATH}:/home/yirehban/ros2_ws/install/vision:/home/yirehban/ros2_ws/install/mavlink_thruster_control:/home/yirehban/ros2_ws/install/launch_testing_examples:/home/yirehban/ros2_ws/install/examples_rclpy_pointcloud_publisher:/home/yirehban/ros2_ws/install/examples_rclpy_minimal_subscriber:/home/yirehban/ros2_ws/install/examples_rclpy_minimal_service:/home/yirehban/ros2_ws/install/examples_rclpy_minimal_publisher:/home/yirehban/ros2_ws/install/examples_rclpy_minimal_client:/home/yirehban/ros2_ws/install/examples_rclpy_minimal_action_server:/home/yirehban/ros2_ws/install/examples_rclpy_minimal_action_client:/home/yirehban/ros2_ws/install/examples_rclpy_guard_conditions:/home/yirehban/ros2_ws/install/examples_rclpy_executors:/opt/ros/humble /usr/bin/cmake /home/yirehban/ros2_ws/src/auv_msgs -DCMAKE_INSTALL_PREFIX=/home/yirehban/ros2_ws/install/auv_msgs
[1.526s] Invoking command in '/home/yirehban/ros2_ws/build/auv_msgs': CMAKE_PREFIX_PATH=${CMAKE_PREFIX_PATH}:/home/yirehban/ros2_ws/install/vision:/home/yirehban/ros2_ws/install/mavlink_thruster_control:/home/yirehban/ros2_ws/install/launch_testing_examples:/home/yirehban/ros2_ws/install/examples_rclpy_pointcloud_publisher:/home/yirehban/ros2_ws/install/examples_rclpy_minimal_subscriber:/home/yirehban/ros2_ws/install/examples_rclpy_minimal_service:/home/yirehban/ros2_ws/install/examples_rclpy_minimal_publisher:/home/yirehban/ros2_ws/install/examples_rclpy_minimal_client:/home/yirehban/ros2_ws/install/examples_rclpy_minimal_action_server:/home/yirehban/ros2_ws/install/examples_rclpy_minimal_action_client:/home/yirehban/ros2_ws/install/examples_rclpy_guard_conditions:/home/yirehban/ros2_ws/install/examples_rclpy_executors:/opt/ros/humble /usr/bin/cmake --build /home/yirehban/ros2_ws/build/auv_msgs -- -j6 -l6
[2.086s] Invoked command in '/home/yirehban/ros2_ws/build/auv_msgs' returned '0': CMAKE_PREFIX_PATH=${CMAKE_PREFIX_PATH}:/home/yirehban/ros2_ws/install/vision:/home/yirehban/ros2_ws/install/mavlink_thruster_control:/home/yirehban/ros2_ws/install/launch_testing_examples:/home/yirehban/ros2_ws/install/examples_rclpy_pointcloud_publisher:/home/yirehban/ros2_ws/install/examples_rclpy_minimal_subscriber:/home/yirehban/ros2_ws/install/examples_rclpy_minimal_service:/home/yirehban/ros2_ws/install/examples_rclpy_minimal_publisher:/home/yirehban/ros2_ws/install/examples_rclpy_minimal_client:/home/yirehban/ros2_ws/install/examples_rclpy_minimal_action_server:/home/yirehban/ros2_ws/install/examples_rclpy_minimal_action_client:/home/yirehban/ros2_ws/install/examples_rclpy_guard_conditions:/home/yirehban/ros2_ws/install/examples_rclpy_executors:/opt/ros/humble /usr/bin/cmake --build /home/yirehban/ros2_ws/build/auv_msgs -- -j6 -l6
[2.158s] Invoking command in '/home/yirehban/ros2_ws/build/auv_msgs': CMAKE_PREFIX_PATH=${CMAKE_PREFIX_PATH}:/home/yirehban/ros2_ws/install/vision:/home/yirehban/ros2_ws/install/mavlink_thruster_control:/home/yirehban/ros2_ws/install/launch_testing_examples:/home/yirehban/ros2_ws/install/examples_rclpy_pointcloud_publisher:/home/yirehban/ros2_ws/install/examples_rclpy_minimal_subscriber:/home/yirehban/ros2_ws/install/examples_rclpy_minimal_service:/home/yirehban/ros2_ws/install/examples_rclpy_minimal_publisher:/home/yirehban/ros2_ws/install/examples_rclpy_minimal_client:/home/yirehban/ros2_ws/install/examples_rclpy_minimal_action_server:/home/yirehban/ros2_ws/install/examples_rclpy_minimal_action_client:/home/yirehban/ros2_ws/install/examples_rclpy_guard_conditions:/home/yirehban/ros2_ws/install/examples_rclpy_executors:/opt/ros/humble /usr/bin/cmake --install /home/yirehban/ros2_ws/build/auv_msgs
[2.324s] -- Install configuration: ""
[2.324s] -- Execute custom install script
[2.324s] -- Up-to-date symlink: /home/yirehban/ros2_ws/install/auv_msgs/share/ament_index/resource_index/package_run_dependencies/auv_msgs
[2.325s] -- Up-to-date symlink: /home/yirehban/ros2_ws/install/auv_msgs/share/ament_index/resource_index/parent_prefix_path/auv_msgs
[2.325s] -- Up-to-date symlink: /home/yirehban/ros2_ws/install/auv_msgs/share/auv_msgs/environment/ament_prefix_path.sh
[2.325s] -- Up-to-date symlink: /home/yirehban/ros2_ws/install/auv_msgs/share/auv_msgs/environment/ament_prefix_path.dsv
[2.325s] -- Up-to-date symlink: /home/yirehban/ros2_ws/install/auv_msgs/share/auv_msgs/environment/path.sh
[2.325s] -- Up-to-date symlink: /home/yirehban/ros2_ws/install/auv_msgs/share/auv_msgs/environment/path.dsv
[2.325s] -- Up-to-date symlink: /home/yirehban/ros2_ws/install/auv_msgs/share/auv_msgs/local_setup.bash
[2.326s] -- Up-to-date symlink: /home/yirehban/ros2_ws/install/auv_msgs/share/auv_msgs/local_setup.sh
[2.326s] -- Up-to-date symlink: /home/yirehban/ros2_ws/install/auv_msgs/share/auv_msgs/local_setup.zsh
[2.326s] -- Up-to-date symlink: /home/yirehban/ros2_ws/install/auv_msgs/share/auv_msgs/local_setup.dsv
[2.326s] -- Symlinking: /home/yirehban/ros2_ws/install/auv_msgs/share/auv_msgs/package.dsv
[2.353s] -- Up-to-date symlink: /home/yirehban/ros2_ws/install/auv_msgs/share/ament_index/resource_index/packages/auv_msgs
[2.365s] -- Up-to-date symlink: /home/yirehban/ros2_ws/install/auv_msgs/share/auv_msgs/cmake/auv_msgsConfig.cmake
[2.366s] -- Up-to-date symlink: /home/yirehban/ros2_ws/install/auv_msgs/share/auv_msgs/cmake/auv_msgsConfig-version.cmake
[2.366s] -- Up-to-date symlink: /home/yirehban/ros2_ws/install/auv_msgs/share/auv_msgs/package.xml
[2.369s] Invoked command in '/home/yirehban/ros2_ws/build/auv_msgs' returned '0': CMAKE_PREFIX_PATH=${CMAKE_PREFIX_PATH}:/home/yirehban/ros2_ws/install/vision:/home/yirehban/ros2_ws/install/mavlink_thruster_control:/home/yirehban/ros2_ws/install/launch_testing_examples:/home/yirehban/ros2_ws/install/examples_rclpy_pointcloud_publisher:/home/yirehban/ros2_ws/install/examples_rclpy_minimal_subscriber:/home/yirehban/ros2_ws/install/examples_rclpy_minimal_service:/home/yirehban/ros2_ws/install/examples_rclpy_minimal_publisher:/home/yirehban/ros2_ws/install/examples_rclpy_minimal_client:/home/yirehban/ros2_ws/install/examples_rclpy_minimal_action_server:/home/yirehban/ros2_ws/install/examples_rclpy_minimal_action_client:/home/yirehban/ros2_ws/install/examples_rclpy_guard_conditions:/home/yirehban/ros2_ws/install/examples_rclpy_executors:/opt/ros/humble /usr/bin/cmake --install /home/yirehban/ros2_ws/build/auv_msgs
