/home/myen/robosub/robosub-2026/install/localization/lib/python3.12/site-packages/localization/localization_node.py
/home/myen/robosub/robosub-2026/install/localization/lib/python3.12/site-packages/localization/drift_correction_node.py
/home/myen/robosub/robosub-2026/install/localization/lib/python3.12/site-packages/localization/depth_node.py
/home/myen/robosub/robosub-2026/install/localization/lib/python3.12/site-packages/localization/__init__.py
/home/myen/robosub/robosub-2026/install/localization/lib/python3.12/site-packages/localization/__pycache__/localization_node.cpython-312.pyc
/home/myen/robosub/robosub-2026/install/localization/lib/python3.12/site-packages/localization/__pycache__/drift_correction_node.cpython-312.pyc
/home/myen/robosub/robosub-2026/install/localization/lib/python3.12/site-packages/localization/__pycache__/depth_node.cpython-312.pyc
/home/myen/robosub/robosub-2026/install/localization/lib/python3.12/site-packages/localization/__pycache__/__init__.cpython-312.pyc
/home/myen/robosub/robosub-2026/install/localization/share/ament_index/resource_index/packages/localization
/home/myen/robosub/robosub-2026/install/localization/share/localization/package.xml
/home/myen/robosub/robosub-2026/install/localization/lib/python3.12/site-packages/localization-0.0.0-py3.12.egg-info/dependency_links.txt
/home/myen/robosub/robosub-2026/install/localization/lib/python3.12/site-packages/localization-0.0.0-py3.12.egg-info/zip-safe
/home/myen/robosub/robosub-2026/install/localization/lib/python3.12/site-packages/localization-0.0.0-py3.12.egg-info/requires.txt
/home/myen/robosub/robosub-2026/install/localization/lib/python3.12/site-packages/localization-0.0.0-py3.12.egg-info/entry_points.txt
/home/myen/robosub/robosub-2026/install/localization/lib/python3.12/site-packages/localization-0.0.0-py3.12.egg-info/top_level.txt
/home/myen/robosub/robosub-2026/install/localization/lib/python3.12/site-packages/localization-0.0.0-py3.12.egg-info/PKG-INFO
/home/myen/robosub/robosub-2026/install/localization/lib/python3.12/site-packages/localization-0.0.0-py3.12.egg-info/SOURCES.txt
/home/myen/robosub/robosub-2026/install/localization/lib/localization/depth_node
/home/myen/robosub/robosub-2026/install/localization/lib/localization/drift_correction_node
/home/myen/robosub/robosub-2026/install/localization/lib/localization/localization_node
