-- Found ament_cmake: 1.3.12 (/opt/ros/humble/share/ament_cmake/cmake)
-- Override CMake install command with custom implementation using symlinks instead of copying resources
-- Found rclcpp: 16.0.14 (/opt/ros/humble/share/rclcpp/cmake)
-- Found rosidl_generator_c: 3.1.7 (/opt/ros/humble/share/rosidl_generator_c/cmake)
-- Found rosidl_adapter: 3.1.7 (/opt/ros/humble/share/rosidl_adapter/cmake)
-- Found rosidl_generator_cpp: 3.1.7 (/opt/ros/humble/share/rosidl_generator_cpp/cmake)
-- Using all available rosidl_typesupport_c: rosidl_typesupport_fastrtps_c;rosidl_typesupport_introspection_c
-- Using all available rosidl_typesupport_cpp: rosidl_typesupport_fastrtps_cpp;rosidl_typesupport_introspection_cpp
-- Found rmw_implementation_cmake: 6.1.2 (/opt/ros/humble/share/rmw_implementation_cmake/cmake)
-- Found rmw_fastrtps_cpp: 6.2.8 (/opt/ros/humble/share/rmw_fastrtps_cpp/cmake)
-- Using RMW implementation 'rmw_fastrtps_cpp' as default
-- Found behaviortree_cpp: 4.7.2 (/usr/local/share/behaviortree_cpp/cmake)
-- Found geometry_msgs: 4.9.0 (/opt/ros/humble/share/geometry_msgs/cmake)
-- Found ament_lint_auto: 0.12.14 (/opt/ros/humble/share/ament_lint_auto/cmake)
-- Added test 'cppcheck' to perform static code analysis on C / C++ code
-- Configured cppcheck include dirs: /home/yirehban/ros2_ws/src/mission/src/include;/home/yirehban/ros2_ws/src/mission/src/$(rclcpp_INCLUDE_DIRS);/home/yirehban/ros2_ws/src/mission/src/$(catkin_INCLUDE_DIRS)
-- Configured cppcheck exclude dirs and/or files: 
-- Added test 'lint_cmake' to check CMake code style
-- Added test 'uncrustify' to check C / C++ code style
-- Configured uncrustify additional arguments: 
-- Added test 'xmllint' to check XML markup files
-- Configuring done
-- Generating done
-- Build files have been written to: /home/yirehban/ros2_ws/build/mission
[35m[1mConsolidate compiler generated dependencies of target bt_runner[0m
[ 16%] [32mBuilding CXX object CMakeFiles/bt_runner.dir/nodes/move_forward.cpp.o[0m
[ 33%] [32mBuilding CXX object CMakeFiles/bt_runner.dir/main.cpp.o[0m
[ 50%] [32mBuilding CXX object CMakeFiles/bt_runner.dir/nodes/rotate.cpp.o[0m
[ 83%] [32mBuilding CXX object CMakeFiles/bt_runner.dir/nodes/move_to.cpp.o[0m
[ 83%] [32mBuilding CXX object CMakeFiles/bt_runner.dir/nodes/detect_object.cpp.o[0m
