[0.034s] Invoking command in '/home/yirehban/ros2_ws/build/mission': CMAKE_PREFIX_PATH=${CMAKE_PREFIX_PATH}:/home/yirehban/ros2_ws/install/vision:/home/yirehban/ros2_ws/install/mavlink_thruster_control:/home/yirehban/ros2_ws/install/launch_testing_examples:/home/yirehban/ros2_ws/install/examples_rclpy_pointcloud_publisher:/home/yirehban/ros2_ws/install/examples_rclpy_minimal_subscriber:/home/yirehban/ros2_ws/install/examples_rclpy_minimal_service:/home/yirehban/ros2_ws/install/examples_rclpy_minimal_publisher:/home/yirehban/ros2_ws/install/examples_rclpy_minimal_client:/home/yirehban/ros2_ws/install/examples_rclpy_minimal_action_server:/home/yirehban/ros2_ws/install/examples_rclpy_minimal_action_client:/home/yirehban/ros2_ws/install/examples_rclpy_guard_conditions:/home/yirehban/ros2_ws/install/examples_rclpy_executors:/opt/ros/humble /usr/bin/cmake --build /home/yirehban/ros2_ws/build/mission -- -j6 -l6
[0.090s] -- Found ament_cmake: 1.3.12 (/opt/ros/humble/share/ament_cmake/cmake)
[0.375s] -- Override CMake install command with custom implementation using symlinks instead of copying resources
[0.392s] -- Found rclcpp: 16.0.14 (/opt/ros/humble/share/rclcpp/cmake)
[0.453s] -- Found rosidl_generator_c: 3.1.7 (/opt/ros/humble/share/rosidl_generator_c/cmake)
[0.457s] -- Found rosidl_adapter: 3.1.7 (/opt/ros/humble/share/rosidl_adapter/cmake)
[0.466s] -- Found rosidl_generator_cpp: 3.1.7 (/opt/ros/humble/share/rosidl_generator_cpp/cmake)
[0.484s] -- Using all available rosidl_typesupport_c: rosidl_typesupport_fastrtps_c;rosidl_typesupport_introspection_c
[0.506s] -- Using all available rosidl_typesupport_cpp: rosidl_typesupport_fastrtps_cpp;rosidl_typesupport_introspection_cpp
[0.561s] -- Found rmw_implementation_cmake: 6.1.2 (/opt/ros/humble/share/rmw_implementation_cmake/cmake)
[0.565s] -- Found rmw_fastrtps_cpp: 6.2.8 (/opt/ros/humble/share/rmw_fastrtps_cpp/cmake)
[0.781s] -- Using RMW implementation 'rmw_fastrtps_cpp' as default
[0.861s] -- Found behaviortree_cpp: 4.7.2 (/usr/local/share/behaviortree_cpp/cmake)
[0.873s] -- Found geometry_msgs: 4.9.0 (/opt/ros/humble/share/geometry_msgs/cmake)
[0.892s] -- Found ament_lint_auto: 0.12.14 (/opt/ros/humble/share/ament_lint_auto/cmake)
[1.111s] -- Added test 'cppcheck' to perform static code analysis on C / C++ code
[1.112s] -- Configured cppcheck include dirs: /home/yirehban/ros2_ws/src/mission/src/include;/home/yirehban/ros2_ws/src/mission/src/$(rclcpp_INCLUDE_DIRS);/home/yirehban/ros2_ws/src/mission/src/$(catkin_INCLUDE_DIRS)
[1.112s] -- Configured cppcheck exclude dirs and/or files: 
[1.117s] -- Added test 'lint_cmake' to check CMake code style
[1.127s] -- Added test 'uncrustify' to check C / C++ code style
[1.127s] -- Configured uncrustify additional arguments: 
[1.129s] -- Added test 'xmllint' to check XML markup files
[1.133s] -- Configuring done
[1.175s] -- Generating done
[1.184s] -- Build files have been written to: /home/yirehban/ros2_ws/build/mission
[1.259s] [35m[1mConsolidate compiler generated dependencies of target bt_runner[0m
[1.303s] [ 16%] [32mBuilding CXX object CMakeFiles/bt_runner.dir/nodes/move_forward.cpp.o[0m
[1.306s] [ 33%] [32mBuilding CXX object CMakeFiles/bt_runner.dir/main.cpp.o[0m
[1.306s] [ 50%] [32mBuilding CXX object CMakeFiles/bt_runner.dir/nodes/rotate.cpp.o[0m
[1.312s] [ 83%] [32mBuilding CXX object CMakeFiles/bt_runner.dir/nodes/move_to.cpp.o[0m
[1.313s] [ 83%] [32mBuilding CXX object CMakeFiles/bt_runner.dir/nodes/detect_object.cpp.o[0m
[1.326s] [01m[K/home/yirehban/ros2_ws/src/mission/src/nodes/move_forward.cpp:1:10:[m[K [01;31m[Kfatal error: [m[Kgeometry_msgs/Twist.h: No such file or directory
[1.326s]     1 | #include [01;31m[K"geometry_msgs/Twist.h"[m[K
[1.327s]       |          [01;31m[K^~~~~~~~~~~~~~~~~~~~~~~[m[K
[1.329s] compilation terminated.
[1.331s] gmake[2]: *** [CMakeFiles/bt_runner.dir/build.make:76: CMakeFiles/bt_runner.dir/nodes/move_forward.cpp.o] Error 1
[1.331s] gmake[2]: *** Waiting for unfinished jobs....
[25.826s] gmake[1]: *** [CMakeFiles/Makefile2:137: CMakeFiles/bt_runner.dir/all] Error 2
[25.827s] gmake: *** [Makefile:146: all] Error 2
[25.835s] Invoked command in '/home/yirehban/ros2_ws/build/mission' returned '2': CMAKE_PREFIX_PATH=${CMAKE_PREFIX_PATH}:/home/yirehban/ros2_ws/install/vision:/home/yirehban/ros2_ws/install/mavlink_thruster_control:/home/yirehban/ros2_ws/install/launch_testing_examples:/home/yirehban/ros2_ws/install/examples_rclpy_pointcloud_publisher:/home/yirehban/ros2_ws/install/examples_rclpy_minimal_subscriber:/home/yirehban/ros2_ws/install/examples_rclpy_minimal_service:/home/yirehban/ros2_ws/install/examples_rclpy_minimal_publisher:/home/yirehban/ros2_ws/install/examples_rclpy_minimal_client:/home/yirehban/ros2_ws/install/examples_rclpy_minimal_action_server:/home/yirehban/ros2_ws/install/examples_rclpy_minimal_action_client:/home/yirehban/ros2_ws/install/examples_rclpy_guard_conditions:/home/yirehban/ros2_ws/install/examples_rclpy_executors:/opt/ros/humble /usr/bin/cmake --build /home/yirehban/ros2_ws/build/mission -- -j6 -l6
