[0.085s] Invoking command in '/home/yirehban/ros2_ws/build/auv_msgs': CMAKE_PREFIX_PATH=${CMAKE_PREFIX_PATH}:/home/yirehban/ros2_ws/install/vision:/home/yirehban/ros2_ws/install/mavlink_thruster_control:/home/yirehban/ros2_ws/install/launch_testing_examples:/home/yirehban/ros2_ws/install/examples_rclpy_pointcloud_publisher:/home/yirehban/ros2_ws/install/examples_rclpy_minimal_subscriber:/home/yirehban/ros2_ws/install/examples_rclpy_minimal_service:/home/yirehban/ros2_ws/install/examples_rclpy_minimal_publisher:/home/yirehban/ros2_ws/install/examples_rclpy_minimal_client:/home/yirehban/ros2_ws/install/examples_rclpy_minimal_action_server:/home/yirehban/ros2_ws/install/examples_rclpy_minimal_action_client:/home/yirehban/ros2_ws/install/examples_rclpy_guard_conditions:/home/yirehban/ros2_ws/install/examples_rclpy_executors:/opt/ros/humble /usr/bin/cmake --build /home/yirehban/ros2_ws/build/auv_msgs -- -j6 -l6
[0.206s] Invoked command in '/home/yirehban/ros2_ws/build/auv_msgs' returned '0': CMAKE_PREFIX_PATH=${CMAKE_PREFIX_PATH}:/home/yirehban/ros2_ws/install/vision:/home/yirehban/ros2_ws/install/mavlink_thruster_control:/home/yirehban/ros2_ws/install/launch_testing_examples:/home/yirehban/ros2_ws/install/examples_rclpy_pointcloud_publisher:/home/yirehban/ros2_ws/install/examples_rclpy_minimal_subscriber:/home/yirehban/ros2_ws/install/examples_rclpy_minimal_service:/home/yirehban/ros2_ws/install/examples_rclpy_minimal_publisher:/home/yirehban/ros2_ws/install/examples_rclpy_minimal_client:/home/yirehban/ros2_ws/install/examples_rclpy_minimal_action_server:/home/yirehban/ros2_ws/install/examples_rclpy_minimal_action_client:/home/yirehban/ros2_ws/install/examples_rclpy_guard_conditions:/home/yirehban/ros2_ws/install/examples_rclpy_executors:/opt/ros/humble /usr/bin/cmake --build /home/yirehban/ros2_ws/build/auv_msgs -- -j6 -l6
[0.221s] Invoking command in '/home/yirehban/ros2_ws/build/auv_msgs': CMAKE_PREFIX_PATH=${CMAKE_PREFIX_PATH}:/home/yirehban/ros2_ws/install/vision:/home/yirehban/ros2_ws/install/mavlink_thruster_control:/home/yirehban/ros2_ws/install/launch_testing_examples:/home/yirehban/ros2_ws/install/examples_rclpy_pointcloud_publisher:/home/yirehban/ros2_ws/install/examples_rclpy_minimal_subscriber:/home/yirehban/ros2_ws/install/examples_rclpy_minimal_service:/home/yirehban/ros2_ws/install/examples_rclpy_minimal_publisher:/home/yirehban/ros2_ws/install/examples_rclpy_minimal_client:/home/yirehban/ros2_ws/install/examples_rclpy_minimal_action_server:/home/yirehban/ros2_ws/install/examples_rclpy_minimal_action_client:/home/yirehban/ros2_ws/install/examples_rclpy_guard_conditions:/home/yirehban/ros2_ws/install/examples_rclpy_executors:/opt/ros/humble /usr/bin/cmake --install /home/yirehban/ros2_ws/build/auv_msgs
[0.323s] -- Install configuration: ""
[0.323s] -- Execute custom install script
[0.323s] -- Up-to-date symlink: /home/yirehban/ros2_ws/install/auv_msgs/share/ament_index/resource_index/package_run_dependencies/auv_msgs
[0.323s] -- Up-to-date symlink: /home/yirehban/ros2_ws/install/auv_msgs/share/ament_index/resource_index/parent_prefix_path/auv_msgs
[0.323s] -- Up-to-date symlink: /home/yirehban/ros2_ws/install/auv_msgs/share/auv_msgs/environment/ament_prefix_path.sh
[0.323s] -- Up-to-date symlink: /home/yirehban/ros2_ws/install/auv_msgs/share/auv_msgs/environment/ament_prefix_path.dsv
[0.324s] -- Up-to-date symlink: /home/yirehban/ros2_ws/install/auv_msgs/share/auv_msgs/environment/path.sh
[0.324s] -- Up-to-date symlink: /home/yirehban/ros2_ws/install/auv_msgs/share/auv_msgs/environment/path.dsv
[0.324s] -- Up-to-date symlink: /home/yirehban/ros2_ws/install/auv_msgs/share/auv_msgs/local_setup.bash
[0.324s] -- Up-to-date symlink: /home/yirehban/ros2_ws/install/auv_msgs/share/auv_msgs/local_setup.sh
[0.324s] -- Up-to-date symlink: /home/yirehban/ros2_ws/install/auv_msgs/share/auv_msgs/local_setup.zsh
[0.324s] -- Up-to-date symlink: /home/yirehban/ros2_ws/install/auv_msgs/share/auv_msgs/local_setup.dsv
[0.324s] -- Symlinking: /home/yirehban/ros2_ws/install/auv_msgs/share/auv_msgs/package.dsv
[0.355s] -- Up-to-date symlink: /home/yirehban/ros2_ws/install/auv_msgs/share/ament_index/resource_index/packages/auv_msgs
[0.355s] -- Up-to-date symlink: /home/yirehban/ros2_ws/install/auv_msgs/share/auv_msgs/cmake/auv_msgsConfig.cmake
[0.356s] -- Up-to-date symlink: /home/yirehban/ros2_ws/install/auv_msgs/share/auv_msgs/cmake/auv_msgsConfig-version.cmake
[0.357s] -- Up-to-date symlink: /home/yirehban/ros2_ws/install/auv_msgs/share/auv_msgs/package.xml
[0.360s] Invoked command in '/home/yirehban/ros2_ws/build/auv_msgs' returned '0': CMAKE_PREFIX_PATH=${CMAKE_PREFIX_PATH}:/home/yirehban/ros2_ws/install/vision:/home/yirehban/ros2_ws/install/mavlink_thruster_control:/home/yirehban/ros2_ws/install/launch_testing_examples:/home/yirehban/ros2_ws/install/examples_rclpy_pointcloud_publisher:/home/yirehban/ros2_ws/install/examples_rclpy_minimal_subscriber:/home/yirehban/ros2_ws/install/examples_rclpy_minimal_service:/home/yirehban/ros2_ws/install/examples_rclpy_minimal_publisher:/home/yirehban/ros2_ws/install/examples_rclpy_minimal_client:/home/yirehban/ros2_ws/install/examples_rclpy_minimal_action_server:/home/yirehban/ros2_ws/install/examples_rclpy_minimal_action_client:/home/yirehban/ros2_ws/install/examples_rclpy_guard_conditions:/home/yirehban/ros2_ws/install/examples_rclpy_executors:/opt/ros/humble /usr/bin/cmake --install /home/yirehban/ros2_ws/build/auv_msgs
