[0.090s] Invoking command in '/home/yirehban/ros2_ws/build/behaviortree_cpp': CMAKE_PREFIX_PATH=${CMAKE_PREFIX_PATH}:/home/yirehban/ros2_ws/install/vision:/home/yirehban/ros2_ws/install/mavlink_thruster_control:/home/yirehban/ros2_ws/install/launch_testing_examples:/home/yirehban/ros2_ws/install/examples_rclpy_pointcloud_publisher:/home/yirehban/ros2_ws/install/examples_rclpy_minimal_subscriber:/home/yirehban/ros2_ws/install/examples_rclpy_minimal_service:/home/yirehban/ros2_ws/install/examples_rclpy_minimal_publisher:/home/yirehban/ros2_ws/install/examples_rclpy_minimal_client:/home/yirehban/ros2_ws/install/examples_rclpy_minimal_action_server:/home/yirehban/ros2_ws/install/examples_rclpy_minimal_action_client:/home/yirehban/ros2_ws/install/examples_rclpy_guard_conditions:/home/yirehban/ros2_ws/install/examples_rclpy_executors:/opt/ros/humble /usr/bin/cmake --build /home/yirehban/ros2_ws/build/behaviortree_cpp -- -j6 -l6
[0.271s] [35m[1mConsolidate compiler generated dependencies of target gtest[0m
[0.310s] [  1%] Built target lexy_file
[0.310s] [  3%] Built target gtest_main
[0.337s] [  4%] Built target gtest
[0.343s] [  6%] Built target minitrace
[0.411s] [35m[1mConsolidate compiler generated dependencies of target behaviortree_cpp[0m
[0.563s] [ 36%] Built target behaviortree_cpp
[0.590s] [35m[1mConsolidate compiler generated dependencies of target bt_sample_nodes[0m
[0.600s] [35m[1mConsolidate compiler generated dependencies of target crossdoor_nodes_dyn[0m
[0.600s] [35m[1mConsolidate compiler generated dependencies of target movebase_node_dyn[0m
[0.614s] [35m[1mConsolidate compiler generated dependencies of target bt4_plugin_manifest[0m
[0.621s] [35m[1mConsolidate compiler generated dependencies of target dummy_nodes_dyn[0m
[0.630s] [35m[1mConsolidate compiler generated dependencies of target t01_first_tree_dynamic[0m
[0.646s] [ 37%] Built target movebase_node_dyn
[0.655s] [ 40%] Built target crossdoor_nodes_dyn
[0.656s] [ 41%] Built target bt_sample_nodes
[0.664s] [ 43%] Built target bt4_plugin_manifest
[0.666s] [ 45%] Built target t01_first_tree_dynamic
[0.668s] [ 46%] Built target dummy_nodes_dyn
[0.677s] [35m[1mConsolidate compiler generated dependencies of target test_plugin_action[0m
[0.683s] [35m[1mConsolidate compiler generated dependencies of target test_plugin_executor[0m
[0.699s] [35m[1mConsolidate compiler generated dependencies of target t03_generic_ports[0m
[0.699s] [35m[1mConsolidate compiler generated dependencies of target t02_basic_ports[0m
[0.705s] [35m[1mConsolidate compiler generated dependencies of target behaviortree_cpp_test[0m
[0.712s] [35m[1mConsolidate compiler generated dependencies of target t01_first_tree_static[0m
[0.721s] [ 47%] Built target test_plugin_action
[0.736s] [ 50%] Built target test_plugin_executor
[0.736s] [ 50%] Built target t02_basic_ports
[0.751s] [ 52%] Built target t03_generic_ports
[0.754s] [ 53%] Built target t01_first_tree_static
[0.772s] [35m[1mConsolidate compiler generated dependencies of target t04_reactive_sequence[0m
[0.780s] [35m[1mConsolidate compiler generated dependencies of target t05_crossdoor[0m
[0.797s] [35m[1mConsolidate compiler generated dependencies of target t08_additional_node_args[0m
[0.797s] [35m[1mConsolidate compiler generated dependencies of target t07_load_multiple_xml[0m
[0.800s] [35m[1mConsolidate compiler generated dependencies of target t06_subtree_port_remapping[0m
[0.840s] [ 56%] Built target t07_load_multiple_xml
[0.843s] [ 59%] Built target t05_crossdoor
[0.845s] [ 60%] Built target t04_reactive_sequence
[0.845s] [ 61%] Built target t06_subtree_port_remapping
[0.848s] [ 66%] Built target t08_additional_node_args
[0.849s] [ 80%] Built target behaviortree_cpp_test
[0.868s] [35m[1mConsolidate compiler generated dependencies of target t10_observer[0m
[0.869s] [35m[1mConsolidate compiler generated dependencies of target t11_groot_howto[0m
[0.870s] [35m[1mConsolidate compiler generated dependencies of target t14_subtree_model[0m
[0.875s] [35m[1mConsolidate compiler generated dependencies of target t09_scripting[0m
[0.893s] [35m[1mConsolidate compiler generated dependencies of target t13_access_by_ref[0m
[0.894s] [35m[1mConsolidate compiler generated dependencies of target t12_default_ports[0m
[0.909s] [ 82%] Built target t14_subtree_model
[0.909s] [ 83%] Built target t10_observer
[0.919s] [ 84%] Built target t11_groot_howto
[0.928s] [ 86%] Built target t09_scripting
[0.933s] [ 88%] Built target t12_default_ports
[0.935s] [ 89%] Built target t13_access_by_ref
[0.948s] [35m[1mConsolidate compiler generated dependencies of target t16_global_blackboard[0m
[0.951s] [35m[1mConsolidate compiler generated dependencies of target t17_blackboard_backup[0m
[0.951s] [35m[1mConsolidate compiler generated dependencies of target t18_waypoints[0m
[0.951s] [35m[1mConsolidate compiler generated dependencies of target ex01_wrap_legacy[0m
[0.955s] [35m[1mConsolidate compiler generated dependencies of target t15_nodes_mocking[0m
[0.977s] [35m[1mConsolidate compiler generated dependencies of target ex02_runtime_ports[0m
[0.993s] [ 93%] Built target ex01_wrap_legacy
[0.993s] [ 93%] Built target t16_global_blackboard
[0.994s] [ 95%] Built target t18_waypoints
[1.010s] [ 96%] Built target t17_blackboard_backup
[1.011s] [ 97%] Built target t15_nodes_mocking
[1.016s] [ 98%] Built target ex02_runtime_ports
[1.030s] [35m[1mConsolidate compiler generated dependencies of target ex03_sqlite_log[0m
[1.063s] [100%] Built target ex03_sqlite_log
