[0.078s] Invoking command in '/home/yirehban/ros2_ws/build/examples_rclcpp_minimal_client': CMAKE_PREFIX_PATH=${CMAKE_PREFIX_PATH}:/home/yirehban/ros2_ws/install/vision:/home/yirehban/ros2_ws/install/mavlink_thruster_control:/home/yirehban/ros2_ws/install/launch_testing_examples:/home/yirehban/ros2_ws/install/examples_rclpy_pointcloud_publisher:/home/yirehban/ros2_ws/install/examples_rclpy_minimal_subscriber:/home/yirehban/ros2_ws/install/examples_rclpy_minimal_service:/home/yirehban/ros2_ws/install/examples_rclpy_minimal_publisher:/home/yirehban/ros2_ws/install/examples_rclpy_minimal_client:/home/yirehban/ros2_ws/install/examples_rclpy_minimal_action_server:/home/yirehban/ros2_ws/install/examples_rclpy_minimal_action_client:/home/yirehban/ros2_ws/install/examples_rclpy_guard_conditions:/home/yirehban/ros2_ws/install/examples_rclpy_executors:/opt/ros/humble /usr/bin/cmake --build /home/yirehban/ros2_ws/build/examples_rclcpp_minimal_client -- -j6 -l6
[1.461s] [100%] Built target client_main
[1.477s] Invoked command in '/home/yirehban/ros2_ws/build/examples_rclcpp_minimal_client' returned '0': CMAKE_PREFIX_PATH=${CMAKE_PREFIX_PATH}:/home/yirehban/ros2_ws/install/vision:/home/yirehban/ros2_ws/install/mavlink_thruster_control:/home/yirehban/ros2_ws/install/launch_testing_examples:/home/yirehban/ros2_ws/install/examples_rclpy_pointcloud_publisher:/home/yirehban/ros2_ws/install/examples_rclpy_minimal_subscriber:/home/yirehban/ros2_ws/install/examples_rclpy_minimal_service:/home/yirehban/ros2_ws/install/examples_rclpy_minimal_publisher:/home/yirehban/ros2_ws/install/examples_rclpy_minimal_client:/home/yirehban/ros2_ws/install/examples_rclpy_minimal_action_server:/home/yirehban/ros2_ws/install/examples_rclpy_minimal_action_client:/home/yirehban/ros2_ws/install/examples_rclpy_guard_conditions:/home/yirehban/ros2_ws/install/examples_rclpy_executors:/opt/ros/humble /usr/bin/cmake --build /home/yirehban/ros2_ws/build/examples_rclcpp_minimal_client -- -j6 -l6
[1.500s] Invoking command in '/home/yirehban/ros2_ws/build/examples_rclcpp_minimal_client': CMAKE_PREFIX_PATH=${CMAKE_PREFIX_PATH}:/home/yirehban/ros2_ws/install/vision:/home/yirehban/ros2_ws/install/mavlink_thruster_control:/home/yirehban/ros2_ws/install/launch_testing_examples:/home/yirehban/ros2_ws/install/examples_rclpy_pointcloud_publisher:/home/yirehban/ros2_ws/install/examples_rclpy_minimal_subscriber:/home/yirehban/ros2_ws/install/examples_rclpy_minimal_service:/home/yirehban/ros2_ws/install/examples_rclpy_minimal_publisher:/home/yirehban/ros2_ws/install/examples_rclpy_minimal_client:/home/yirehban/ros2_ws/install/examples_rclpy_minimal_action_server:/home/yirehban/ros2_ws/install/examples_rclpy_minimal_action_client:/home/yirehban/ros2_ws/install/examples_rclpy_guard_conditions:/home/yirehban/ros2_ws/install/examples_rclpy_executors:/opt/ros/humble /usr/bin/cmake --install /home/yirehban/ros2_ws/build/examples_rclcpp_minimal_client
[1.825s] -- Install configuration: ""
[1.826s] -- Up-to-date: /home/yirehban/ros2_ws/install/examples_rclcpp_minimal_client/lib/examples_rclcpp_minimal_client/client_main
[1.826s] -- Up-to-date: /home/yirehban/ros2_ws/install/examples_rclcpp_minimal_client/share/ament_index/resource_index/package_run_dependencies/examples_rclcpp_minimal_client
[1.826s] -- Up-to-date: /home/yirehban/ros2_ws/install/examples_rclcpp_minimal_client/share/ament_index/resource_index/parent_prefix_path/examples_rclcpp_minimal_client
[1.826s] -- Up-to-date: /home/yirehban/ros2_ws/install/examples_rclcpp_minimal_client/share/examples_rclcpp_minimal_client/environment/ament_prefix_path.sh
[1.826s] -- Up-to-date: /home/yirehban/ros2_ws/install/examples_rclcpp_minimal_client/share/examples_rclcpp_minimal_client/environment/ament_prefix_path.dsv
[1.826s] -- Up-to-date: /home/yirehban/ros2_ws/install/examples_rclcpp_minimal_client/share/examples_rclcpp_minimal_client/environment/path.sh
[1.826s] -- Up-to-date: /home/yirehban/ros2_ws/install/examples_rclcpp_minimal_client/share/examples_rclcpp_minimal_client/environment/path.dsv
[1.826s] -- Up-to-date: /home/yirehban/ros2_ws/install/examples_rclcpp_minimal_client/share/examples_rclcpp_minimal_client/local_setup.bash
[1.827s] -- Up-to-date: /home/yirehban/ros2_ws/install/examples_rclcpp_minimal_client/share/examples_rclcpp_minimal_client/local_setup.sh
[1.827s] -- Up-to-date: /home/yirehban/ros2_ws/install/examples_rclcpp_minimal_client/share/examples_rclcpp_minimal_client/local_setup.zsh
[1.827s] -- Up-to-date: /home/yirehban/ros2_ws/install/examples_rclcpp_minimal_client/share/examples_rclcpp_minimal_client/local_setup.dsv
[1.827s] -- Installing: /home/yirehban/ros2_ws/install/examples_rclcpp_minimal_client/share/examples_rclcpp_minimal_client/package.dsv
[1.827s] -- Up-to-date: /home/yirehban/ros2_ws/install/examples_rclcpp_minimal_client/share/ament_index/resource_index/packages/examples_rclcpp_minimal_client
[1.827s] -- Up-to-date: /home/yirehban/ros2_ws/install/examples_rclcpp_minimal_client/share/examples_rclcpp_minimal_client/cmake/examples_rclcpp_minimal_clientConfig.cmake
[1.827s] -- Up-to-date: /home/yirehban/ros2_ws/install/examples_rclcpp_minimal_client/share/examples_rclcpp_minimal_client/cmake/examples_rclcpp_minimal_clientConfig-version.cmake
[1.827s] -- Up-to-date: /home/yirehban/ros2_ws/install/examples_rclcpp_minimal_client/share/examples_rclcpp_minimal_client/package.xml
[1.833s] Invoked command in '/home/yirehban/ros2_ws/build/examples_rclcpp_minimal_client' returned '0': CMAKE_PREFIX_PATH=${CMAKE_PREFIX_PATH}:/home/yirehban/ros2_ws/install/vision:/home/yirehban/ros2_ws/install/mavlink_thruster_control:/home/yirehban/ros2_ws/install/launch_testing_examples:/home/yirehban/ros2_ws/install/examples_rclpy_pointcloud_publisher:/home/yirehban/ros2_ws/install/examples_rclpy_minimal_subscriber:/home/yirehban/ros2_ws/install/examples_rclpy_minimal_service:/home/yirehban/ros2_ws/install/examples_rclpy_minimal_publisher:/home/yirehban/ros2_ws/install/examples_rclpy_minimal_client:/home/yirehban/ros2_ws/install/examples_rclpy_minimal_action_server:/home/yirehban/ros2_ws/install/examples_rclpy_minimal_action_client:/home/yirehban/ros2_ws/install/examples_rclpy_guard_conditions:/home/yirehban/ros2_ws/install/examples_rclpy_executors:/opt/ros/humble /usr/bin/cmake --install /home/yirehban/ros2_ws/build/examples_rclcpp_minimal_client
