[0.151s] Invoking command in '/home/yirehban/ros2_ws/build/behaviortree_cpp': CMAKE_PREFIX_PATH=${CMAKE_PREFIX_PATH}:/home/yirehban/ros2_ws/install/vision:/home/yirehban/ros2_ws/install/mavlink_thruster_control:/home/yirehban/ros2_ws/install/launch_testing_examples:/home/yirehban/ros2_ws/install/examples_rclpy_pointcloud_publisher:/home/yirehban/ros2_ws/install/examples_rclpy_minimal_subscriber:/home/yirehban/ros2_ws/install/examples_rclpy_minimal_service:/home/yirehban/ros2_ws/install/examples_rclpy_minimal_publisher:/home/yirehban/ros2_ws/install/examples_rclpy_minimal_client:/home/yirehban/ros2_ws/install/examples_rclpy_minimal_action_server:/home/yirehban/ros2_ws/install/examples_rclpy_minimal_action_client:/home/yirehban/ros2_ws/install/examples_rclpy_guard_conditions:/home/yirehban/ros2_ws/install/examples_rclpy_executors:/opt/ros/humble /usr/bin/cmake /home/yirehban/ros2_ws/src/mission/BehaviorTree.CPP -DCMAKE_INSTALL_PREFIX=/home/yirehban/ros2_ws/install/behaviortree_cpp
[0.737s] -- Override CMake install command with custom implementation using symlinks instead of copying resources
[0.785s] -- ------------------------------------------
[0.785s] -- BehaviorTree is being built using AMENT.
[0.785s] -- ------------------------------------------
[0.802s] -- Found ament_index_cpp: 1.4.0 (/opt/ros/humble/share/ament_index_cpp/cmake)
[0.838s] -- BTCPP_EXTRA_LIBRARIES: $<BUILD_INTERFACE:ament_index_cpp::ament_index_cpp>;$<BUILD_INTERFACE:/usr/lib/aarch64-linux-gnu/libzmq.so>;$<BUILD_INTERFACE:/usr/lib/aarch64-linux-gnu/libsqlite3.so>
[0.838s] -- BTCPP_LIB_DESTINATION:   lib 
[0.838s] -- BTCPP_INCLUDE_DESTINATION: include 
[0.844s] -- BUILD_TESTING:   ON 
[0.857s] -- Found ament_cmake_gtest: 1.3.12 (/opt/ros/humble/share/ament_cmake_gtest/cmake)
[0.860s] -- Found gtest sources under '/opt/ros/humble/src/gtest_vendor': C++ tests using 'Google Test' will be built
[1.168s] -- Configuring done
[1.918s] -- Generating done
[2.020s] -- Build files have been written to: /home/yirehban/ros2_ws/build/behaviortree_cpp
[2.039s] Invoked command in '/home/yirehban/ros2_ws/build/behaviortree_cpp' returned '0': CMAKE_PREFIX_PATH=${CMAKE_PREFIX_PATH}:/home/yirehban/ros2_ws/install/vision:/home/yirehban/ros2_ws/install/mavlink_thruster_control:/home/yirehban/ros2_ws/install/launch_testing_examples:/home/yirehban/ros2_ws/install/examples_rclpy_pointcloud_publisher:/home/yirehban/ros2_ws/install/examples_rclpy_minimal_subscriber:/home/yirehban/ros2_ws/install/examples_rclpy_minimal_service:/home/yirehban/ros2_ws/install/examples_rclpy_minimal_publisher:/home/yirehban/ros2_ws/install/examples_rclpy_minimal_client:/home/yirehban/ros2_ws/install/examples_rclpy_minimal_action_server:/home/yirehban/ros2_ws/install/examples_rclpy_minimal_action_client:/home/yirehban/ros2_ws/install/examples_rclpy_guard_conditions:/home/yirehban/ros2_ws/install/examples_rclpy_executors:/opt/ros/humble /usr/bin/cmake /home/yirehban/ros2_ws/src/mission/BehaviorTree.CPP -DCMAKE_INSTALL_PREFIX=/home/yirehban/ros2_ws/install/behaviortree_cpp
[2.040s] Invoking command in '/home/yirehban/ros2_ws/build/behaviortree_cpp': CMAKE_PREFIX_PATH=${CMAKE_PREFIX_PATH}:/home/yirehban/ros2_ws/install/vision:/home/yirehban/ros2_ws/install/mavlink_thruster_control:/home/yirehban/ros2_ws/install/launch_testing_examples:/home/yirehban/ros2_ws/install/examples_rclpy_pointcloud_publisher:/home/yirehban/ros2_ws/install/examples_rclpy_minimal_subscriber:/home/yirehban/ros2_ws/install/examples_rclpy_minimal_service:/home/yirehban/ros2_ws/install/examples_rclpy_minimal_publisher:/home/yirehban/ros2_ws/install/examples_rclpy_minimal_client:/home/yirehban/ros2_ws/install/examples_rclpy_minimal_action_server:/home/yirehban/ros2_ws/install/examples_rclpy_minimal_action_client:/home/yirehban/ros2_ws/install/examples_rclpy_guard_conditions:/home/yirehban/ros2_ws/install/examples_rclpy_executors:/opt/ros/humble /usr/bin/cmake --build /home/yirehban/ros2_ws/build/behaviortree_cpp -- -j6 -l6
[2.194s] [35m[1mConsolidate compiler generated dependencies of target minitrace[0m
[2.260s] [35m[1mConsolidate compiler generated dependencies of target lexy_file[0m
[2.308s] [35m[1mConsolidate compiler generated dependencies of target gtest_main[0m
[2.313s] [  1%] [32mBuilding CXX object gtest/CMakeFiles/gtest.dir/src/gtest-all.cc.o[0m
[2.395s] [  3%] Built target minitrace
[2.401s] [  4%] Built target lexy_file
[2.439s] [  6%] Built target gtest_main
[2.472s] [35m[1mConsolidate compiler generated dependencies of target behaviortree_cpp[0m
[2.556s] [  6%] [32mBuilding CXX object CMakeFiles/behaviortree_cpp.dir/src/control_node.cpp.o[0m
[2.557s] [  8%] [32mBuilding CXX object CMakeFiles/behaviortree_cpp.dir/src/decorator_node.cpp.o[0m
[2.557s] [  8%] [32mBuilding CXX object CMakeFiles/behaviortree_cpp.dir/src/bt_factory.cpp.o[0m
[2.579s] [  9%] [32mBuilding CXX object CMakeFiles/behaviortree_cpp.dir/src/condition_node.cpp.o[0m
[2.589s] [ 10%] [32mBuilding CXX object CMakeFiles/behaviortree_cpp.dir/src/tree_node.cpp.o[0m
[11.124s] [ 10%] [32mBuilding CXX object CMakeFiles/behaviortree_cpp.dir/src/script_parser.cpp.o[0m
[11.479s] [ 11%] [32mBuilding CXX object CMakeFiles/behaviortree_cpp.dir/src/json_export.cpp.o[0m
[12.279s] [ 12%] [32mBuilding CXX object CMakeFiles/behaviortree_cpp.dir/src/xml_parsing.cpp.o[0m
[13.927s] [ 13%] [32mBuilding CXX object CMakeFiles/behaviortree_cpp.dir/src/actions/test_node.cpp.o[0m
[21.003s] [ 13%] [32mBuilding CXX object CMakeFiles/behaviortree_cpp.dir/src/actions/sleep_node.cpp.o[0m
[23.876s] [ 14%] [32mBuilding CXX object CMakeFiles/behaviortree_cpp.dir/src/actions/updated_action.cpp.o[0m
[25.290s] [ 14%] [32m[1mLinking CXX static library libgtest.a[0m
[26.673s] [ 14%] Built target gtest
[26.701s] [ 15%] [32mBuilding CXX object CMakeFiles/behaviortree_cpp.dir/src/decorators/delay_node.cpp.o[0m
[29.597s] [ 16%] [32mBuilding CXX object CMakeFiles/behaviortree_cpp.dir/src/decorators/inverter_node.cpp.o[0m
[31.962s] [ 16%] [32mBuilding CXX object CMakeFiles/behaviortree_cpp.dir/src/decorators/repeat_node.cpp.o[0m
[32.752s] [ 17%] [32mBuilding CXX object CMakeFiles/behaviortree_cpp.dir/src/decorators/retry_node.cpp.o[0m
[35.486s] [ 18%] [32mBuilding CXX object CMakeFiles/behaviortree_cpp.dir/src/decorators/subtree_node.cpp.o[0m
[36.323s] [ 18%] [32mBuilding CXX object CMakeFiles/behaviortree_cpp.dir/src/decorators/timeout_node.cpp.o[0m
[38.717s] [ 19%] [32mBuilding CXX object CMakeFiles/behaviortree_cpp.dir/src/decorators/updated_decorator.cpp.o[0m
[40.326s] [ 20%] [32mBuilding CXX object CMakeFiles/behaviortree_cpp.dir/src/controls/if_then_else_node.cpp.o[0m
[40.948s] [ 21%] [32mBuilding CXX object CMakeFiles/behaviortree_cpp.dir/src/controls/fallback_node.cpp.o[0m
[42.960s] [ 21%] [32mBuilding CXX object CMakeFiles/behaviortree_cpp.dir/src/controls/parallel_node.cpp.o[0m
[45.663s] [ 22%] [32mBuilding CXX object CMakeFiles/behaviortree_cpp.dir/src/controls/parallel_all_node.cpp.o[0m
[45.979s] [ 23%] [32mBuilding CXX object CMakeFiles/behaviortree_cpp.dir/src/controls/reactive_sequence.cpp.o[0m
[46.058s] [ 24%] [32mBuilding CXX object CMakeFiles/behaviortree_cpp.dir/src/controls/reactive_fallback.cpp.o[0m
[47.587s] [ 24%] [32mBuilding CXX object CMakeFiles/behaviortree_cpp.dir/src/controls/sequence_node.cpp.o[0m
[47.839s] [ 25%] [32mBuilding CXX object CMakeFiles/behaviortree_cpp.dir/src/controls/sequence_with_memory_node.cpp.o[0m
[51.543s] [ 26%] [32mBuilding CXX object CMakeFiles/behaviortree_cpp.dir/src/controls/switch_node.cpp.o[0m
[51.995s] [ 26%] [32mBuilding CXX object CMakeFiles/behaviortree_cpp.dir/src/controls/while_do_else_node.cpp.o[0m
[52.173s] [ 27%] [32mBuilding CXX object CMakeFiles/behaviortree_cpp.dir/src/loggers/bt_cout_logger.cpp.o[0m
[53.461s] [ 28%] [32mBuilding CXX object CMakeFiles/behaviortree_cpp.dir/src/loggers/bt_file_logger_v2.cpp.o[0m
[53.856s] [ 29%] [32mBuilding CXX object CMakeFiles/behaviortree_cpp.dir/src/loggers/bt_minitrace_logger.cpp.o[0m
[54.678s] [ 29%] [32mBuilding CXX object CMakeFiles/behaviortree_cpp.dir/src/loggers/bt_observer.cpp.o[0m
[57.478s] [ 30%] [32mBuilding CXX object CMakeFiles/behaviortree_cpp.dir/3rdparty/tinyxml2/tinyxml2.cpp.o[0m
[57.843s] [ 31%] [32mBuilding CXX object CMakeFiles/behaviortree_cpp.dir/src/loggers/groot2_publisher.cpp.o[0m
[61.747s] [ 31%] [32mBuilding CXX object CMakeFiles/behaviortree_cpp.dir/src/loggers/bt_sqlite_logger.cpp.o[0m
[62.140s] [ 32%] [32mBuilding CXX object CMakeFiles/behaviortree_cpp.dir/src/shared_library_UNIX.cpp.o[0m
[77.714s] [ 33%] [32m[1mLinking CXX shared library libbehaviortree_cpp.so[0m
[78.188s] [ 36%] Built target behaviortree_cpp
[78.232s] [ 36%] [32mBuilding CXX object sample_nodes/CMakeFiles/crossdoor_nodes_dyn.dir/crossdoor_nodes.cpp.o[0m
[78.232s] [ 36%] [32mBuilding CXX object sample_nodes/CMakeFiles/bt_sample_nodes.dir/crossdoor_nodes.cpp.o[0m
[78.233s] [ 36%] [32mBuilding CXX object sample_nodes/CMakeFiles/movebase_node_dyn.dir/movebase_node.cpp.o[0m
[78.233s] [ 37%] [32mBuilding CXX object tools/CMakeFiles/bt4_plugin_manifest.dir/bt_plugin_manifest.cpp.o[0m
[78.249s] [ 38%] [32mBuilding CXX object sample_nodes/CMakeFiles/dummy_nodes_dyn.dir/dummy_nodes.cpp.o[0m
[79.296s] [ 39%] [32mBuilding CXX object examples/CMakeFiles/t01_first_tree_dynamic.dir/t01_build_your_first_tree.cpp.o[0m
[85.082s] [ 40%] [32mBuilding CXX object sample_nodes/CMakeFiles/bt_sample_nodes.dir/dummy_nodes.cpp.o[0m
[85.541s] [ 41%] [32m[1mLinking CXX executable bt4_plugin_manifest[0m
[85.928s] [ 41%] Built target bt4_plugin_manifest
[86.027s] [ 41%] [32mBuilding CXX object examples/CMakeFiles/test_plugin_action.dir/plugin_example/plugin_action.cpp.o[0m
[86.099s] [ 42%] [32m[1mLinking CXX shared library bin/libmovebase_node_dyn.so[0m
[86.359s] [ 42%] Built target movebase_node_dyn
[86.449s] [ 43%] [32mBuilding CXX object examples/CMakeFiles/test_plugin_executor.dir/plugin_example/plugin_executor.cpp.o[0m
[86.584s] [ 44%] [32m[1mLinking CXX shared library bin/libcrossdoor_nodes_dyn.so[0m
[86.712s] [ 44%] [32m[1mLinking CXX shared library bin/libdummy_nodes_dyn.so[0m
[86.924s] [ 44%] Built target dummy_nodes_dyn
[86.935s] [ 44%] Built target crossdoor_nodes_dyn
[86.944s] [ 45%] [32mBuilding CXX object sample_nodes/CMakeFiles/bt_sample_nodes.dir/movebase_node.cpp.o[0m
[87.611s] [ 46%] [32m[1mLinking CXX executable t01_first_tree_dynamic[0m
[87.867s] [ 46%] Built target t01_first_tree_dynamic
[92.785s] [ 47%] [32m[1mLinking CXX executable test_plugin_executor[0m
[92.990s] [ 47%] Built target test_plugin_executor
[93.502s] [ 48%] [32m[1mLinking CXX shared library test_plugin_action.so[0m
[93.672s] [ 48%] Built target test_plugin_action
[93.762s] [ 49%] [32m[1mLinking CXX static library lib/libbt_sample_nodes.a[0m
[93.948s] [ 49%] Built target bt_sample_nodes
[94.000s] [ 52%] [32mBuilding CXX object examples/CMakeFiles/t02_basic_ports.dir/t02_basic_ports.cpp.o[0m
[94.000s] [ 52%] [32mBuilding CXX object examples/CMakeFiles/t01_first_tree_static.dir/t01_build_your_first_tree.cpp.o[0m
[94.001s] [ 52%] [32mBuilding CXX object tests/CMakeFiles/behaviortree_cpp_test.dir/src/action_test_node.cpp.o[0m
[94.001s] [ 52%] [32mBuilding CXX object examples/CMakeFiles/t03_generic_ports.dir/t03_generic_ports.cpp.o[0m
[95.036s] [ 53%] [32mBuilding CXX object examples/CMakeFiles/t05_crossdoor.dir/t05_crossdoor.cpp.o[0m
[95.064s] [ 54%] [32mBuilding CXX object examples/CMakeFiles/t04_reactive_sequence.dir/t04_reactive_sequence.cpp.o[0m
[99.448s] [ 54%] [32mBuilding CXX object tests/CMakeFiles/behaviortree_cpp_test.dir/src/condition_test_node.cpp.o[0m
[102.267s] [ 55%] [32m[1mLinking CXX executable t01_first_tree_static[0m
[102.624s] [ 55%] Built target t01_first_tree_static
[102.936s] [ 56%] [32m[1mLinking CXX executable t05_crossdoor[0m
[103.174s] [ 56%] Built target t05_crossdoor
[103.407s] [ 57%] [32m[1mLinking CXX executable t03_generic_ports[0m
[103.654s] [ 57%] Built target t03_generic_ports
[103.768s] [ 57%] [32m[1mLinking CXX executable t02_basic_ports[0m
[103.988s] [ 57%] Built target t02_basic_ports
[104.584s] [ 58%] [32mBuilding CXX object tests/CMakeFiles/behaviortree_cpp_test.dir/gtest_any.cpp.o[0m
[105.199s] [ 58%] [32m[1mLinking CXX executable t04_reactive_sequence[0m
[105.416s] [ 58%] Built target t04_reactive_sequence
[107.440s] [ 59%] [32mBuilding CXX object tests/CMakeFiles/behaviortree_cpp_test.dir/gtest_blackboard.cpp.o[0m
[107.462s] [ 60%] [32mBuilding CXX object examples/CMakeFiles/t09_scripting.dir/t09_scripting.cpp.o[0m
[107.472s] [ 60%] [32mBuilding CXX object examples/CMakeFiles/t08_additional_node_args.dir/t08_additional_node_args.cpp.o[0m
[108.509s] [ 61%] [32mBuilding CXX object examples/CMakeFiles/t07_load_multiple_xml.dir/t07_load_multiple_xml.cpp.o[0m
[109.565s] [ 61%] [32mBuilding CXX object examples/CMakeFiles/t06_subtree_port_remapping.dir/t06_subtree_port_remapping.cpp.o[0m
[114.191s] [ 62%] [32mBuilding CXX object tests/CMakeFiles/behaviortree_cpp_test.dir/gtest_coroutines.cpp.o[0m
[114.914s] [ 63%] [32m[1mLinking CXX executable t09_scripting[0m
[115.152s] [ 63%] Built target t09_scripting
[115.200s] [ 63%] [32mBuilding CXX object examples/CMakeFiles/t10_observer.dir/t10_observer.cpp.o[0m
[115.866s] [ 64%] [32m[1mLinking CXX executable t08_additional_node_args[0m
[116.117s] [ 64%] Built target t08_additional_node_args
[116.215s] [ 65%] [32mBuilding CXX object examples/CMakeFiles/t11_groot_howto.dir/t11_groot_howto.cpp.o[0m
[116.869s] [ 66%] [32m[1mLinking CXX executable t07_load_multiple_xml[0m
[117.114s] [ 66%] Built target t07_load_multiple_xml
[117.180s] [ 67%] [32mBuilding CXX object examples/CMakeFiles/t12_default_ports.dir/t12_default_ports.cpp.o[0m
[119.659s] [ 68%] [32m[1mLinking CXX executable t06_subtree_port_remapping[0m
[119.982s] [ 68%] Built target t06_subtree_port_remapping
[120.061s] [ 69%] [32mBuilding CXX object examples/CMakeFiles/t13_access_by_ref.dir/t13_access_by_ref.cpp.o[0m
[122.498s] [ 70%] [32m[1mLinking CXX executable t10_observer[0m
[122.730s] [ 70%] Built target t10_observer
[122.777s] [ 71%] [32mBuilding CXX object examples/CMakeFiles/t14_subtree_model.dir/t14_subtree_model.cpp.o[0m
[126.129s] [ 71%] [32mBuilding CXX object tests/CMakeFiles/behaviortree_cpp_test.dir/gtest_decorator.cpp.o[0m
[130.417s] [ 71%] [32m[1mLinking CXX executable t11_groot_howto[0m
[130.723s] [ 72%] [32m[1mLinking CXX executable t12_default_ports[0m
[130.778s] [ 72%] Built target t11_groot_howto
[130.855s] [ 73%] [32mBuilding CXX object examples/CMakeFiles/t15_nodes_mocking.dir/t15_nodes_mocking.cpp.o[0m
[130.982s] [ 74%] [32m[1mLinking CXX executable t14_subtree_model[0m
[130.987s] [ 74%] Built target t12_default_ports
[131.083s] [ 75%] [32mBuilding CXX object examples/CMakeFiles/t16_global_blackboard.dir/t16_global_blackboard.cpp.o[0m
[131.229s] [ 75%] Built target t14_subtree_model
[131.367s] [ 75%] [32mBuilding CXX object examples/CMakeFiles/t17_blackboard_backup.dir/t17_blackboard_backup.cpp.o[0m
[131.683s] [ 75%] [32m[1mLinking CXX executable t13_access_by_ref[0m
[131.922s] [ 75%] Built target t13_access_by_ref
[131.969s] [ 76%] [32mBuilding CXX object examples/CMakeFiles/t18_waypoints.dir/t18_waypoints.cpp.o[0m
[138.803s] [ 77%] [32mBuilding CXX object tests/CMakeFiles/behaviortree_cpp_test.dir/gtest_enums.cpp.o[0m
[139.192s] [ 77%] [32m[1mLinking CXX executable t15_nodes_mocking[0m
[139.473s] [ 77%] Built target t15_nodes_mocking
[140.043s] [ 78%] [32m[1mLinking CXX executable t16_global_blackboard[0m
[140.288s] [ 78%] Built target t16_global_blackboard
[140.747s] [ 79%] [32m[1mLinking CXX executable t17_blackboard_backup[0m
[140.985s] [ 79%] Built target t17_blackboard_backup
[143.014s] [ 80%] [32mBuilding CXX object tests/CMakeFiles/behaviortree_cpp_test.dir/gtest_factory.cpp.o[0m
[144.107s] [ 81%] [32m[1mLinking CXX executable t18_waypoints[0m
[144.340s] [ 81%] Built target t18_waypoints
[144.365s] [ 81%] [32mBuilding CXX object tests/CMakeFiles/behaviortree_cpp_test.dir/gtest_fallback.cpp.o[0m
[144.391s] [ 82%] [32mBuilding CXX object examples/CMakeFiles/ex03_sqlite_log.dir/ex03_sqlite_log.cpp.o[0m
[151.697s] [ 83%] [32mBuilding CXX object tests/CMakeFiles/behaviortree_cpp_test.dir/gtest_parallel.cpp.o[0m
[155.339s] [ 84%] [32mBuilding CXX object tests/CMakeFiles/behaviortree_cpp_test.dir/gtest_preconditions.cpp.o[0m
[156.441s] [ 85%] [32m[1mLinking CXX executable ex03_sqlite_log[0m
[156.698s] [ 85%] Built target ex03_sqlite_log
[156.722s] [ 86%] [32mBuilding CXX object tests/CMakeFiles/behaviortree_cpp_test.dir/gtest_ports.cpp.o[0m
[156.755s] [ 87%] [32mBuilding CXX object examples/CMakeFiles/ex01_wrap_legacy.dir/ex01_wrap_legacy.cpp.o[0m
[156.792s] [ 88%] [32mBuilding CXX object examples/CMakeFiles/ex02_runtime_ports.dir/ex02_runtime_ports.cpp.o[0m
[157.125s] [ 88%] [32mBuilding CXX object tests/CMakeFiles/behaviortree_cpp_test.dir/gtest_postconditions.cpp.o[0m
[166.737s] [ 89%] [32m[1mLinking CXX executable ex01_wrap_legacy[0m
[167.105s] [ 89%] Built target ex01_wrap_legacy
[167.133s] [ 90%] [32mBuilding CXX object tests/CMakeFiles/behaviortree_cpp_test.dir/gtest_match.cpp.o[0m
[167.284s] [ 90%] [32m[1mLinking CXX executable ex02_runtime_ports[0m
[167.592s] [ 90%] Built target ex02_runtime_ports
[168.646s] [ 91%] [32mBuilding CXX object tests/CMakeFiles/behaviortree_cpp_test.dir/gtest_json.cpp.o[0m
[168.774s] [ 92%] [32mBuilding CXX object tests/CMakeFiles/behaviortree_cpp_test.dir/gtest_reactive.cpp.o[0m
[169.471s] [ 92%] [32mBuilding CXX object tests/CMakeFiles/behaviortree_cpp_test.dir/gtest_reactive_backchaining.cpp.o[0m
[170.378s] [ 93%] [32mBuilding CXX object tests/CMakeFiles/behaviortree_cpp_test.dir/gtest_sequence.cpp.o[0m
[173.177s] [ 94%] [32mBuilding CXX object tests/CMakeFiles/behaviortree_cpp_test.dir/gtest_skipping.cpp.o[0m
[187.541s] [ 94%] [32mBuilding CXX object tests/CMakeFiles/behaviortree_cpp_test.dir/gtest_updates.cpp.o[0m
[188.565s] [ 95%] [32mBuilding CXX object tests/CMakeFiles/behaviortree_cpp_test.dir/gtest_tree.cpp.o[0m
[189.588s] [ 96%] [32mBuilding CXX object tests/CMakeFiles/behaviortree_cpp_test.dir/gtest_switch.cpp.o[0m
[190.615s] [ 97%] [32mBuilding CXX object tests/CMakeFiles/behaviortree_cpp_test.dir/gtest_subtree.cpp.o[0m
[191.652s] [ 97%] [32mBuilding CXX object tests/CMakeFiles/behaviortree_cpp_test.dir/gtest_substitution.cpp.o[0m
[192.980s] [ 98%] [32mBuilding CXX object tests/CMakeFiles/behaviortree_cpp_test.dir/gtest_wakeup.cpp.o[0m
[199.019s] [ 99%] [32mBuilding CXX object tests/CMakeFiles/behaviortree_cpp_test.dir/gtest_interface.cpp.o[0m
[199.219s] [100%] [32mBuilding CXX object tests/CMakeFiles/behaviortree_cpp_test.dir/script_parser_test.cpp.o[0m
[235.037s] [100%] [32m[1mLinking CXX executable behaviortree_cpp_test[0m
[235.616s] [100%] Built target behaviortree_cpp_test
