[0.104s] Invoking command in '/home/yirehban/ros2_ws/build/zed_components': CMAKE_PREFIX_PATH=${CMAKE_PREFIX_PATH}:/home/yirehban/ros2_ws/install/vision:/home/yirehban/ros2_ws/install/mavlink_thruster_control:/home/yirehban/ros2_ws/install/launch_testing_examples:/home/yirehban/ros2_ws/install/examples_rclpy_pointcloud_publisher:/home/yirehban/ros2_ws/install/examples_rclpy_minimal_subscriber:/home/yirehban/ros2_ws/install/examples_rclpy_minimal_service:/home/yirehban/ros2_ws/install/examples_rclpy_minimal_publisher:/home/yirehban/ros2_ws/install/examples_rclpy_minimal_client:/home/yirehban/ros2_ws/install/examples_rclpy_minimal_action_server:/home/yirehban/ros2_ws/install/examples_rclpy_minimal_action_client:/home/yirehban/ros2_ws/install/examples_rclpy_guard_conditions:/home/yirehban/ros2_ws/install/examples_rclpy_executors:/opt/ros/humble /usr/bin/cmake /home/yirehban/ros2_ws/src/zed-ros2-wrapper/zed_components -DCMAKE_INSTALL_PREFIX=/home/yirehban/ros2_ws/install/zed_components
[0.631s] -- Found CUDA: /usr/local/cuda-12.6 (found suitable version "12.6", minimum required is "12.6") 
[0.715s] -- Found CUDA: /usr/local/cuda-12.6 (found version "12.6") 
[0.717s] -- Found ament_cmake_auto: 1.3.12 (/opt/ros/humble/share/ament_cmake_auto/cmake)
[1.100s] -- Override CMake install command with custom implementation using symlinks instead of copying resources
[1.371s] -- Found rosidl_generator_c: 3.1.7 (/opt/ros/humble/share/rosidl_generator_c/cmake)
[1.376s] -- Found rosidl_adapter: 3.1.7 (/opt/ros/humble/share/rosidl_adapter/cmake)
[1.386s] -- Found rosidl_generator_cpp: 3.1.7 (/opt/ros/humble/share/rosidl_generator_cpp/cmake)
[1.405s] -- Using all available rosidl_typesupport_c: rosidl_typesupport_fastrtps_c;rosidl_typesupport_introspection_c
[1.430s] -- Using all available rosidl_typesupport_cpp: rosidl_typesupport_fastrtps_cpp;rosidl_typesupport_introspection_cpp
[1.685s] -- Found rmw_implementation_cmake: 6.1.2 (/opt/ros/humble/share/rmw_implementation_cmake/cmake)
[1.690s] -- Found rmw_fastrtps_cpp: 6.2.8 (/opt/ros/humble/share/rmw_fastrtps_cpp/cmake)
[1.938s] -- Using RMW implementation 'rmw_fastrtps_cpp' as default
[3.705s] -- Found eigen3_cmake_module: 0.1.1 (/opt/ros/humble/share/eigen3_cmake_module/cmake)
[3.709s] -- Ensuring Eigen3 include directory is part of orocos-kdl CMake target
[4.288s] -- Found ament_lint_auto: 0.12.14 (/opt/ros/humble/share/ament_lint_auto/cmake)
[4.788s] -- Added test 'copyright' to check source files copyright and LICENSE
[4.794s] -- Added test 'cppcheck' to perform static code analysis on C / C++ code
[4.795s] -- Configured cppcheck include dirs: /home/yirehban/ros2_ws/src/zed-ros2-wrapper/zed_components/src/include;/home/yirehban/ros2_ws/src/zed-ros2-wrapper/zed_components/src/zed_camera/include;/home/yirehban/ros2_ws/src/zed-ros2-wrapper/zed_components/src/tools/include
[4.795s] -- Configured cppcheck exclude dirs and/or files: 
[4.797s] -- Added test 'lint_cmake' to check CMake code style
[4.804s] -- Added test 'uncrustify' to check C / C++ code style
[4.817s] -- Configured uncrustify additional arguments: 
[4.818s] -- Added test 'xmllint' to check XML markup files
[4.830s] -- Configuring done
[5.110s] -- Generating done
[5.162s] -- Build files have been written to: /home/yirehban/ros2_ws/build/zed_components
[5.250s] Invoked command in '/home/yirehban/ros2_ws/build/zed_components' returned '0': CMAKE_PREFIX_PATH=${CMAKE_PREFIX_PATH}:/home/yirehban/ros2_ws/install/vision:/home/yirehban/ros2_ws/install/mavlink_thruster_control:/home/yirehban/ros2_ws/install/launch_testing_examples:/home/yirehban/ros2_ws/install/examples_rclpy_pointcloud_publisher:/home/yirehban/ros2_ws/install/examples_rclpy_minimal_subscriber:/home/yirehban/ros2_ws/install/examples_rclpy_minimal_service:/home/yirehban/ros2_ws/install/examples_rclpy_minimal_publisher:/home/yirehban/ros2_ws/install/examples_rclpy_minimal_client:/home/yirehban/ros2_ws/install/examples_rclpy_minimal_action_server:/home/yirehban/ros2_ws/install/examples_rclpy_minimal_action_client:/home/yirehban/ros2_ws/install/examples_rclpy_guard_conditions:/home/yirehban/ros2_ws/install/examples_rclpy_executors:/opt/ros/humble /usr/bin/cmake /home/yirehban/ros2_ws/src/zed-ros2-wrapper/zed_components -DCMAKE_INSTALL_PREFIX=/home/yirehban/ros2_ws/install/zed_components
[5.251s] Invoking command in '/home/yirehban/ros2_ws/build/zed_components': CMAKE_PREFIX_PATH=${CMAKE_PREFIX_PATH}:/home/yirehban/ros2_ws/install/vision:/home/yirehban/ros2_ws/install/mavlink_thruster_control:/home/yirehban/ros2_ws/install/launch_testing_examples:/home/yirehban/ros2_ws/install/examples_rclpy_pointcloud_publisher:/home/yirehban/ros2_ws/install/examples_rclpy_minimal_subscriber:/home/yirehban/ros2_ws/install/examples_rclpy_minimal_service:/home/yirehban/ros2_ws/install/examples_rclpy_minimal_publisher:/home/yirehban/ros2_ws/install/examples_rclpy_minimal_client:/home/yirehban/ros2_ws/install/examples_rclpy_minimal_action_server:/home/yirehban/ros2_ws/install/examples_rclpy_minimal_action_client:/home/yirehban/ros2_ws/install/examples_rclpy_guard_conditions:/home/yirehban/ros2_ws/install/examples_rclpy_executors:/opt/ros/humble /usr/bin/cmake --build /home/yirehban/ros2_ws/build/zed_components -- -j6 -l6
[5.563s] [35m[1mConsolidate compiler generated dependencies of target zed_camera_one_component[0m
[5.572s] [35m[1mConsolidate compiler generated dependencies of target zed_camera_component[0m
[5.901s] [ 78%] Built target zed_camera_one_component
[5.901s] [100%] Built target zed_camera_component
[5.962s] Invoked command in '/home/yirehban/ros2_ws/build/zed_components' returned '0': CMAKE_PREFIX_PATH=${CMAKE_PREFIX_PATH}:/home/yirehban/ros2_ws/install/vision:/home/yirehban/ros2_ws/install/mavlink_thruster_control:/home/yirehban/ros2_ws/install/launch_testing_examples:/home/yirehban/ros2_ws/install/examples_rclpy_pointcloud_publisher:/home/yirehban/ros2_ws/install/examples_rclpy_minimal_subscriber:/home/yirehban/ros2_ws/install/examples_rclpy_minimal_service:/home/yirehban/ros2_ws/install/examples_rclpy_minimal_publisher:/home/yirehban/ros2_ws/install/examples_rclpy_minimal_client:/home/yirehban/ros2_ws/install/examples_rclpy_minimal_action_server:/home/yirehban/ros2_ws/install/examples_rclpy_minimal_action_client:/home/yirehban/ros2_ws/install/examples_rclpy_guard_conditions:/home/yirehban/ros2_ws/install/examples_rclpy_executors:/opt/ros/humble /usr/bin/cmake --build /home/yirehban/ros2_ws/build/zed_components -- -j6 -l6
[5.982s] Invoking command in '/home/yirehban/ros2_ws/build/zed_components': CMAKE_PREFIX_PATH=${CMAKE_PREFIX_PATH}:/home/yirehban/ros2_ws/install/vision:/home/yirehban/ros2_ws/install/mavlink_thruster_control:/home/yirehban/ros2_ws/install/launch_testing_examples:/home/yirehban/ros2_ws/install/examples_rclpy_pointcloud_publisher:/home/yirehban/ros2_ws/install/examples_rclpy_minimal_subscriber:/home/yirehban/ros2_ws/install/examples_rclpy_minimal_service:/home/yirehban/ros2_ws/install/examples_rclpy_minimal_publisher:/home/yirehban/ros2_ws/install/examples_rclpy_minimal_client:/home/yirehban/ros2_ws/install/examples_rclpy_minimal_action_server:/home/yirehban/ros2_ws/install/examples_rclpy_minimal_action_client:/home/yirehban/ros2_ws/install/examples_rclpy_guard_conditions:/home/yirehban/ros2_ws/install/examples_rclpy_executors:/opt/ros/humble /usr/bin/cmake --install /home/yirehban/ros2_ws/build/zed_components
[6.098s] -- Install configuration: "Release"
[6.098s] -- Execute custom install script
[6.098s] -- Symlinking: /home/yirehban/ros2_ws/install/zed_components/lib/libzed_camera_component.so
[6.114s] -- Symlinking: /home/yirehban/ros2_ws/install/zed_components/lib/libzed_camera_one_component.so
[6.177s] -- Symlinking: /home/yirehban/ros2_ws/install/zed_components/include/zed_components//cost_traversability.hpp
[6.223s] -- Symlinking: /home/yirehban/ros2_ws/install/zed_components/include/zed_components//zed_camera_component.hpp
[6.269s] -- Symlinking: /home/yirehban/ros2_ws/install/zed_components/include/zed_components//zed_camera_one_component.hpp
[6.358s] -- Symlinking: /home/yirehban/ros2_ws/install/zed_components/include/zed_components//gnss_replay.hpp
[6.435s] -- Symlinking: /home/yirehban/ros2_ws/install/zed_components/include/zed_components//json.hpp
[6.537s] -- Symlinking: /home/yirehban/ros2_ws/install/zed_components/include/zed_components//sl_logging.hpp
[6.641s] -- Symlinking: /home/yirehban/ros2_ws/install/zed_components/include/zed_components//sl_tools.hpp
[6.714s] -- Symlinking: /home/yirehban/ros2_ws/install/zed_components/include/zed_components//sl_types.hpp
[6.777s] -- Symlinking: /home/yirehban/ros2_ws/install/zed_components/include/zed_components//sl_win_avg.hpp
[6.836s] -- Symlinking: /home/yirehban/ros2_ws/install/zed_components/include/zed_components//visibility_control.hpp
[6.868s] -- Symlinking: /home/yirehban/ros2_ws/install/zed_components/share/zed_components/environment/library_path.sh
[6.917s] -- Symlinking: /home/yirehban/ros2_ws/install/zed_components/share/zed_components/environment/library_path.dsv
[6.960s] -- Symlinking: /home/yirehban/ros2_ws/install/zed_components/share/ament_index/resource_index/package_run_dependencies/zed_components
[7.011s] -- Symlinking: /home/yirehban/ros2_ws/install/zed_components/share/ament_index/resource_index/parent_prefix_path/zed_components
[7.037s] -- Symlinking: /home/yirehban/ros2_ws/install/zed_components/share/zed_components/environment/ament_prefix_path.sh
[7.079s] -- Symlinking: /home/yirehban/ros2_ws/install/zed_components/share/zed_components/environment/ament_prefix_path.dsv
[7.120s] -- Symlinking: /home/yirehban/ros2_ws/install/zed_components/share/zed_components/environment/path.sh
[7.174s] -- Symlinking: /home/yirehban/ros2_ws/install/zed_components/share/zed_components/environment/path.dsv
[7.227s] -- Symlinking: /home/yirehban/ros2_ws/install/zed_components/share/zed_components/local_setup.bash
[7.273s] -- Symlinking: /home/yirehban/ros2_ws/install/zed_components/share/zed_components/local_setup.sh
[7.336s] -- Symlinking: /home/yirehban/ros2_ws/install/zed_components/share/zed_components/local_setup.zsh
[7.387s] -- Symlinking: /home/yirehban/ros2_ws/install/zed_components/share/zed_components/local_setup.dsv
[7.442s] -- Symlinking: /home/yirehban/ros2_ws/install/zed_components/share/zed_components/package.dsv
[7.506s] -- Symlinking: /home/yirehban/ros2_ws/install/zed_components/share/ament_index/resource_index/packages/zed_components
[7.562s] -- Symlinking: /home/yirehban/ros2_ws/install/zed_components/share/ament_index/resource_index/rclcpp_components/zed_components
[7.618s] -- Symlinking: /home/yirehban/ros2_ws/install/zed_components/share/zed_components/cmake/ament_cmake_export_include_directories-extras.cmake
[7.670s] -- Symlinking: /home/yirehban/ros2_ws/install/zed_components/share/zed_components/cmake/ament_cmake_export_libraries-extras.cmake
[7.709s] -- Symlinking: /home/yirehban/ros2_ws/install/zed_components/share/zed_components/cmake/ament_cmake_export_dependencies-extras.cmake
[7.731s] -- Symlinking: /home/yirehban/ros2_ws/install/zed_components/share/zed_components/cmake/zed_componentsConfig.cmake
[7.751s] -- Symlinking: /home/yirehban/ros2_ws/install/zed_components/share/zed_components/cmake/zed_componentsConfig-version.cmake
[7.808s] -- Symlinking: /home/yirehban/ros2_ws/install/zed_components/share/zed_components/package.xml
