[0.070s] Invoking command in '/home/yirehban/ros2_ws/build/examples_rclcpp_minimal_action_client': CMAKE_PREFIX_PATH=${CMAKE_PREFIX_PATH}:/home/yirehban/ros2_ws/install/vision:/home/yirehban/ros2_ws/install/mavlink_thruster_control:/home/yirehban/ros2_ws/install/launch_testing_examples:/home/yirehban/ros2_ws/install/examples_rclpy_pointcloud_publisher:/home/yirehban/ros2_ws/install/examples_rclpy_minimal_subscriber:/home/yirehban/ros2_ws/install/examples_rclpy_minimal_service:/home/yirehban/ros2_ws/install/examples_rclpy_minimal_publisher:/home/yirehban/ros2_ws/install/examples_rclpy_minimal_client:/home/yirehban/ros2_ws/install/examples_rclpy_minimal_action_server:/home/yirehban/ros2_ws/install/examples_rclpy_minimal_action_client:/home/yirehban/ros2_ws/install/examples_rclpy_guard_conditions:/home/yirehban/ros2_ws/install/examples_rclpy_executors:/opt/ros/humble /usr/bin/cmake /home/yirehban/ros2_ws/src/examples/rclcpp/actions/minimal_action_client -DCMAKE_INSTALL_PREFIX=/home/yirehban/ros2_ws/install/examples_rclcpp_minimal_action_client
[0.177s] -- Found ament_cmake: 1.3.12 (/opt/ros/humble/share/ament_cmake/cmake)
[0.748s] -- Override CMake install command with custom implementation using symlinks instead of copying resources
[0.791s] -- Found example_interfaces: 0.9.3 (/opt/ros/humble/share/example_interfaces/cmake)
[0.887s] -- Found rosidl_generator_c: 3.1.7 (/opt/ros/humble/share/rosidl_generator_c/cmake)
[0.892s] -- Found rosidl_adapter: 3.1.7 (/opt/ros/humble/share/rosidl_adapter/cmake)
[0.918s] -- Found rosidl_generator_cpp: 3.1.7 (/opt/ros/humble/share/rosidl_generator_cpp/cmake)
[0.984s] -- Using all available rosidl_typesupport_c: rosidl_typesupport_fastrtps_c;rosidl_typesupport_introspection_c
[1.075s] -- Using all available rosidl_typesupport_cpp: rosidl_typesupport_fastrtps_cpp;rosidl_typesupport_introspection_cpp
[1.332s] -- Found rclcpp: 16.0.14 (/opt/ros/humble/share/rclcpp/cmake)
[1.481s] -- Found rmw_implementation_cmake: 6.1.2 (/opt/ros/humble/share/rmw_implementation_cmake/cmake)
[1.503s] -- Found rmw_fastrtps_cpp: 6.2.8 (/opt/ros/humble/share/rmw_fastrtps_cpp/cmake)
[2.018s] -- Using RMW implementation 'rmw_fastrtps_cpp' as default
[2.204s] -- Found rclcpp_action: 16.0.14 (/opt/ros/humble/share/rclcpp_action/cmake)
[2.263s] -- Found ament_lint_auto: 0.12.14 (/opt/ros/humble/share/ament_lint_auto/cmake)
[3.079s] -- Added test 'copyright' to check source files copyright and LICENSE
[3.080s] -- Added test 'cppcheck' to perform static code analysis on C / C++ code
[3.080s] -- Configured cppcheck include dirs: 
[3.080s] -- Configured cppcheck exclude dirs and/or files: 
[3.080s] -- Added test 'cpplint' to check C / C++ code against the Google style
[3.080s] -- Configured cpplint exclude dirs and/or files: 
[3.080s] -- Added test 'lint_cmake' to check CMake code style
[3.080s] -- Added test 'uncrustify' to check C / C++ code style
[3.081s] -- Configured uncrustify additional arguments: 
[3.081s] -- Added test 'xmllint' to check XML markup files
[3.081s] -- Configuring done
[3.206s] -- Generating done
[3.238s] -- Build files have been written to: /home/yirehban/ros2_ws/build/examples_rclcpp_minimal_action_client
[3.312s] Invoked command in '/home/yirehban/ros2_ws/build/examples_rclcpp_minimal_action_client' returned '0': CMAKE_PREFIX_PATH=${CMAKE_PREFIX_PATH}:/home/yirehban/ros2_ws/install/vision:/home/yirehban/ros2_ws/install/mavlink_thruster_control:/home/yirehban/ros2_ws/install/launch_testing_examples:/home/yirehban/ros2_ws/install/examples_rclpy_pointcloud_publisher:/home/yirehban/ros2_ws/install/examples_rclpy_minimal_subscriber:/home/yirehban/ros2_ws/install/examples_rclpy_minimal_service:/home/yirehban/ros2_ws/install/examples_rclpy_minimal_publisher:/home/yirehban/ros2_ws/install/examples_rclpy_minimal_client:/home/yirehban/ros2_ws/install/examples_rclpy_minimal_action_server:/home/yirehban/ros2_ws/install/examples_rclpy_minimal_action_client:/home/yirehban/ros2_ws/install/examples_rclpy_guard_conditions:/home/yirehban/ros2_ws/install/examples_rclpy_executors:/opt/ros/humble /usr/bin/cmake /home/yirehban/ros2_ws/src/examples/rclcpp/actions/minimal_action_client -DCMAKE_INSTALL_PREFIX=/home/yirehban/ros2_ws/install/examples_rclcpp_minimal_action_client
[3.313s] Invoking command in '/home/yirehban/ros2_ws/build/examples_rclcpp_minimal_action_client': CMAKE_PREFIX_PATH=${CMAKE_PREFIX_PATH}:/home/yirehban/ros2_ws/install/vision:/home/yirehban/ros2_ws/install/mavlink_thruster_control:/home/yirehban/ros2_ws/install/launch_testing_examples:/home/yirehban/ros2_ws/install/examples_rclpy_pointcloud_publisher:/home/yirehban/ros2_ws/install/examples_rclpy_minimal_subscriber:/home/yirehban/ros2_ws/install/examples_rclpy_minimal_service:/home/yirehban/ros2_ws/install/examples_rclpy_minimal_publisher:/home/yirehban/ros2_ws/install/examples_rclpy_minimal_client:/home/yirehban/ros2_ws/install/examples_rclpy_minimal_action_server:/home/yirehban/ros2_ws/install/examples_rclpy_minimal_action_client:/home/yirehban/ros2_ws/install/examples_rclpy_guard_conditions:/home/yirehban/ros2_ws/install/examples_rclpy_executors:/opt/ros/humble /usr/bin/cmake --build /home/yirehban/ros2_ws/build/examples_rclcpp_minimal_action_client -- -j6 -l6
[3.756s] [35m[1mConsolidate compiler generated dependencies of target action_client_member_functions[0m
[3.760s] [35m[1mConsolidate compiler generated dependencies of target action_client_not_composable[0m
[3.761s] [35m[1mConsolidate compiler generated dependencies of target action_client_not_composable_with_feedback[0m
[3.761s] [35m[1mConsolidate compiler generated dependencies of target action_client_not_composable_with_cancel[0m
[3.868s] [ 25%] Built target action_client_member_functions
[3.889s] [ 50%] Built target action_client_not_composable_with_feedback
[3.909s] [100%] Built target action_client_not_composable
[3.909s] [100%] Built target action_client_not_composable_with_cancel
