[0.174s] Invoking command in '/home/yirehban/ros2_ws/build/examples_rclcpp_cbg_executor': CMAKE_PREFIX_PATH=${CMAKE_PREFIX_PATH}:/home/yirehban/ros2_ws/install/vision:/home/yirehban/ros2_ws/install/mavlink_thruster_control:/home/yirehban/ros2_ws/install/launch_testing_examples:/home/yirehban/ros2_ws/install/examples_rclpy_pointcloud_publisher:/home/yirehban/ros2_ws/install/examples_rclpy_minimal_subscriber:/home/yirehban/ros2_ws/install/examples_rclpy_minimal_service:/home/yirehban/ros2_ws/install/examples_rclpy_minimal_publisher:/home/yirehban/ros2_ws/install/examples_rclpy_minimal_client:/home/yirehban/ros2_ws/install/examples_rclpy_minimal_action_server:/home/yirehban/ros2_ws/install/examples_rclpy_minimal_action_client:/home/yirehban/ros2_ws/install/examples_rclpy_guard_conditions:/home/yirehban/ros2_ws/install/examples_rclpy_executors:/opt/ros/humble /usr/bin/cmake /home/yirehban/ros2_ws/src/examples/rclcpp/executors/cbg_executor -DCMAKE_INSTALL_PREFIX=/home/yirehban/ros2_ws/install/examples_rclcpp_cbg_executor
[1.465s] -- Found ament_cmake: 1.3.12 (/opt/ros/humble/share/ament_cmake/cmake)
[1.465s] -- Override CMake install command with custom implementation using symlinks instead of copying resources
[1.465s] -- Found rclcpp: 16.0.14 (/opt/ros/humble/share/rclcpp/cmake)
[1.466s] -- Found rosidl_generator_c: 3.1.7 (/opt/ros/humble/share/rosidl_generator_c/cmake)
[1.466s] -- Found rosidl_adapter: 3.1.7 (/opt/ros/humble/share/rosidl_adapter/cmake)
[1.466s] -- Found rosidl_generator_cpp: 3.1.7 (/opt/ros/humble/share/rosidl_generator_cpp/cmake)
[1.466s] -- Using all available rosidl_typesupport_c: rosidl_typesupport_fastrtps_c;rosidl_typesupport_introspection_c
[1.466s] -- Using all available rosidl_typesupport_cpp: rosidl_typesupport_fastrtps_cpp;rosidl_typesupport_introspection_cpp
[1.466s] -- Found rmw_implementation_cmake: 6.1.2 (/opt/ros/humble/share/rmw_implementation_cmake/cmake)
[1.466s] -- Found rmw_fastrtps_cpp: 6.2.8 (/opt/ros/humble/share/rmw_fastrtps_cpp/cmake)
[1.510s] -- Using RMW implementation 'rmw_fastrtps_cpp' as default
[1.736s] -- Found ament_lint_auto: 0.12.14 (/opt/ros/humble/share/ament_lint_auto/cmake)
[2.043s] -- Added test 'copyright' to check source files copyright and LICENSE
[2.044s] -- Added test 'cppcheck' to perform static code analysis on C / C++ code
[2.044s] -- Configured cppcheck include dirs: /home/yirehban/ros2_ws/src/examples/rclcpp/executors/cbg_executor/include
[2.044s] -- Configured cppcheck exclude dirs and/or files: 
[2.044s] -- Added test 'cpplint' to check C / C++ code against the Google style
[2.044s] -- Configured cpplint exclude dirs and/or files: 
[2.044s] -- Added test 'lint_cmake' to check CMake code style
[2.065s] -- Added test 'uncrustify' to check C / C++ code style
[2.065s] -- Configured uncrustify additional arguments: 
[2.065s] -- Added test 'xmllint' to check XML markup files
[2.085s] -- Configuring done
[2.336s] -- Generating done
[2.350s] -- Build files have been written to: /home/yirehban/ros2_ws/build/examples_rclcpp_cbg_executor
[2.752s] Invoked command in '/home/yirehban/ros2_ws/build/examples_rclcpp_cbg_executor' returned '0': CMAKE_PREFIX_PATH=${CMAKE_PREFIX_PATH}:/home/yirehban/ros2_ws/install/vision:/home/yirehban/ros2_ws/install/mavlink_thruster_control:/home/yirehban/ros2_ws/install/launch_testing_examples:/home/yirehban/ros2_ws/install/examples_rclpy_pointcloud_publisher:/home/yirehban/ros2_ws/install/examples_rclpy_minimal_subscriber:/home/yirehban/ros2_ws/install/examples_rclpy_minimal_service:/home/yirehban/ros2_ws/install/examples_rclpy_minimal_publisher:/home/yirehban/ros2_ws/install/examples_rclpy_minimal_client:/home/yirehban/ros2_ws/install/examples_rclpy_minimal_action_server:/home/yirehban/ros2_ws/install/examples_rclpy_minimal_action_client:/home/yirehban/ros2_ws/install/examples_rclpy_guard_conditions:/home/yirehban/ros2_ws/install/examples_rclpy_executors:/opt/ros/humble /usr/bin/cmake /home/yirehban/ros2_ws/src/examples/rclcpp/executors/cbg_executor -DCMAKE_INSTALL_PREFIX=/home/yirehban/ros2_ws/install/examples_rclcpp_cbg_executor
[2.764s] Invoking command in '/home/yirehban/ros2_ws/build/examples_rclcpp_cbg_executor': CMAKE_PREFIX_PATH=${CMAKE_PREFIX_PATH}:/home/yirehban/ros2_ws/install/vision:/home/yirehban/ros2_ws/install/mavlink_thruster_control:/home/yirehban/ros2_ws/install/launch_testing_examples:/home/yirehban/ros2_ws/install/examples_rclpy_pointcloud_publisher:/home/yirehban/ros2_ws/install/examples_rclpy_minimal_subscriber:/home/yirehban/ros2_ws/install/examples_rclpy_minimal_service:/home/yirehban/ros2_ws/install/examples_rclpy_minimal_publisher:/home/yirehban/ros2_ws/install/examples_rclpy_minimal_client:/home/yirehban/ros2_ws/install/examples_rclpy_minimal_action_server:/home/yirehban/ros2_ws/install/examples_rclpy_minimal_action_client:/home/yirehban/ros2_ws/install/examples_rclpy_guard_conditions:/home/yirehban/ros2_ws/install/examples_rclpy_executors:/opt/ros/humble /usr/bin/cmake --build /home/yirehban/ros2_ws/build/examples_rclcpp_cbg_executor -- -j6 -l6
[2.960s] [35m[1mConsolidate compiler generated dependencies of target pong[0m
[3.035s] [35m[1mConsolidate compiler generated dependencies of target ping[0m
[3.078s] [35m[1mConsolidate compiler generated dependencies of target ping_pong[0m
[3.189s] [ 30%] Built target pong
[3.210s] [ 70%] Built target ping_pong
[3.228s] [100%] Built target ping
[3.379s] Invoked command in '/home/yirehban/ros2_ws/build/examples_rclcpp_cbg_executor' returned '0': CMAKE_PREFIX_PATH=${CMAKE_PREFIX_PATH}:/home/yirehban/ros2_ws/install/vision:/home/yirehban/ros2_ws/install/mavlink_thruster_control:/home/yirehban/ros2_ws/install/launch_testing_examples:/home/yirehban/ros2_ws/install/examples_rclpy_pointcloud_publisher:/home/yirehban/ros2_ws/install/examples_rclpy_minimal_subscriber:/home/yirehban/ros2_ws/install/examples_rclpy_minimal_service:/home/yirehban/ros2_ws/install/examples_rclpy_minimal_publisher:/home/yirehban/ros2_ws/install/examples_rclpy_minimal_client:/home/yirehban/ros2_ws/install/examples_rclpy_minimal_action_server:/home/yirehban/ros2_ws/install/examples_rclpy_minimal_action_client:/home/yirehban/ros2_ws/install/examples_rclpy_guard_conditions:/home/yirehban/ros2_ws/install/examples_rclpy_executors:/opt/ros/humble /usr/bin/cmake --build /home/yirehban/ros2_ws/build/examples_rclcpp_cbg_executor -- -j6 -l6
[3.389s] Invoking command in '/home/yirehban/ros2_ws/build/examples_rclcpp_cbg_executor': CMAKE_PREFIX_PATH=${CMAKE_PREFIX_PATH}:/home/yirehban/ros2_ws/install/vision:/home/yirehban/ros2_ws/install/mavlink_thruster_control:/home/yirehban/ros2_ws/install/launch_testing_examples:/home/yirehban/ros2_ws/install/examples_rclpy_pointcloud_publisher:/home/yirehban/ros2_ws/install/examples_rclpy_minimal_subscriber:/home/yirehban/ros2_ws/install/examples_rclpy_minimal_service:/home/yirehban/ros2_ws/install/examples_rclpy_minimal_publisher:/home/yirehban/ros2_ws/install/examples_rclpy_minimal_client:/home/yirehban/ros2_ws/install/examples_rclpy_minimal_action_server:/home/yirehban/ros2_ws/install/examples_rclpy_minimal_action_client:/home/yirehban/ros2_ws/install/examples_rclpy_guard_conditions:/home/yirehban/ros2_ws/install/examples_rclpy_executors:/opt/ros/humble /usr/bin/cmake --install /home/yirehban/ros2_ws/build/examples_rclcpp_cbg_executor
[3.492s] -- Install configuration: ""
[3.492s] -- Execute custom install script
[3.492s] -- Up-to-date symlink: /home/yirehban/ros2_ws/install/examples_rclcpp_cbg_executor/lib/examples_rclcpp_cbg_executor/ping
[3.492s] -- Up-to-date symlink: /home/yirehban/ros2_ws/install/examples_rclcpp_cbg_executor/lib/examples_rclcpp_cbg_executor/pong
[3.493s] -- Up-to-date symlink: /home/yirehban/ros2_ws/install/examples_rclcpp_cbg_executor/lib/examples_rclcpp_cbg_executor/ping_pong
[3.493s] -- Up-to-date symlink: /home/yirehban/ros2_ws/install/examples_rclcpp_cbg_executor/include/examples_rclcpp_cbg_executor/ping_node.hpp
[3.493s] -- Up-to-date symlink: /home/yirehban/ros2_ws/install/examples_rclcpp_cbg_executor/include/examples_rclcpp_cbg_executor/pong_node.hpp
[3.493s] -- Up-to-date symlink: /home/yirehban/ros2_ws/install/examples_rclcpp_cbg_executor/share/ament_index/resource_index/package_run_dependencies/examples_rclcpp_cbg_executor
[3.493s] -- Up-to-date symlink: /home/yirehban/ros2_ws/install/examples_rclcpp_cbg_executor/share/ament_index/resource_index/parent_prefix_path/examples_rclcpp_cbg_executor
[3.493s] -- Up-to-date symlink: /home/yirehban/ros2_ws/install/examples_rclcpp_cbg_executor/share/examples_rclcpp_cbg_executor/environment/ament_prefix_path.sh
[3.493s] -- Up-to-date symlink: /home/yirehban/ros2_ws/install/examples_rclcpp_cbg_executor/share/examples_rclcpp_cbg_executor/environment/ament_prefix_path.dsv
[3.493s] -- Up-to-date symlink: /home/yirehban/ros2_ws/install/examples_rclcpp_cbg_executor/share/examples_rclcpp_cbg_executor/environment/path.sh
[3.494s] -- Up-to-date symlink: /home/yirehban/ros2_ws/install/examples_rclcpp_cbg_executor/share/examples_rclcpp_cbg_executor/environment/path.dsv
[3.494s] -- Up-to-date symlink: /home/yirehban/ros2_ws/install/examples_rclcpp_cbg_executor/share/examples_rclcpp_cbg_executor/local_setup.bash
[3.494s] -- Up-to-date symlink: /home/yirehban/ros2_ws/install/examples_rclcpp_cbg_executor/share/examples_rclcpp_cbg_executor/local_setup.sh
[3.494s] -- Up-to-date symlink: /home/yirehban/ros2_ws/install/examples_rclcpp_cbg_executor/share/examples_rclcpp_cbg_executor/local_setup.zsh
[3.494s] -- Up-to-date symlink: /home/yirehban/ros2_ws/install/examples_rclcpp_cbg_executor/share/examples_rclcpp_cbg_executor/local_setup.dsv
[3.494s] -- Symlinking: /home/yirehban/ros2_ws/install/examples_rclcpp_cbg_executor/share/examples_rclcpp_cbg_executor/package.dsv
[3.547s] -- Up-to-date symlink: /home/yirehban/ros2_ws/install/examples_rclcpp_cbg_executor/share/ament_index/resource_index/packages/examples_rclcpp_cbg_executor
[3.549s] -- Up-to-date symlink: /home/yirehban/ros2_ws/install/examples_rclcpp_cbg_executor/share/examples_rclcpp_cbg_executor/cmake/ament_cmake_export_dependencies-extras.cmake
[3.549s] -- Up-to-date symlink: /home/yirehban/ros2_ws/install/examples_rclcpp_cbg_executor/share/examples_rclcpp_cbg_executor/cmake/examples_rclcpp_cbg_executorConfig.cmake
[3.551s] -- Up-to-date symlink: /home/yirehban/ros2_ws/install/examples_rclcpp_cbg_executor/share/examples_rclcpp_cbg_executor/cmake/examples_rclcpp_cbg_executorConfig-version.cmake
[3.551s] -- Up-to-date symlink: /home/yirehban/ros2_ws/install/examples_rclcpp_cbg_executor/share/examples_rclcpp_cbg_executor/package.xml
[3.566s] Invoked command in '/home/yirehban/ros2_ws/build/examples_rclcpp_cbg_executor' returned '0': CMAKE_PREFIX_PATH=${CMAKE_PREFIX_PATH}:/home/yirehban/ros2_ws/install/vision:/home/yirehban/ros2_ws/install/mavlink_thruster_control:/home/yirehban/ros2_ws/install/launch_testing_examples:/home/yirehban/ros2_ws/install/examples_rclpy_pointcloud_publisher:/home/yirehban/ros2_ws/install/examples_rclpy_minimal_subscriber:/home/yirehban/ros2_ws/install/examples_rclpy_minimal_service:/home/yirehban/ros2_ws/install/examples_rclpy_minimal_publisher:/home/yirehban/ros2_ws/install/examples_rclpy_minimal_client:/home/yirehban/ros2_ws/install/examples_rclpy_minimal_action_server:/home/yirehban/ros2_ws/install/examples_rclpy_minimal_action_client:/home/yirehban/ros2_ws/install/examples_rclpy_guard_conditions:/home/yirehban/ros2_ws/install/examples_rclpy_executors:/opt/ros/humble /usr/bin/cmake --install /home/yirehban/ros2_ws/build/examples_rclcpp_cbg_executor
